Case #1:
Impossible
Case #2:
.
Case #3:
./\..
.\//\
./\\/
.\/..
Case #4:
./\./\/\./\/\...../\/\/\../\.../\/\./\/\.../\..
.\/.\/\/.\/\/./\/\\/\/\//\\//\.\/\/.\/\/./\\//\
...../\/\/\/\.\/\/./\/\.\//\\//\/\/\/\/\.\//\\/
/\/\.\/\/\/\/../\/\\/\/./\\/..\/\/\/\/\/...\//\
\/\/./\/\./\/\.\/\/../\.\//\./\./\./\/\../\/\\/
/\...\/\/.\/\/...../\\//\.\/.\/.\/.\/\//\\/\//\
\//\./\..../\/\/\/\\//\\/./\/\/\/\.../\\/....\/
..\/.\/./\.\/\/\/\//\\//\.\/\/\/\//\.\//\./\./\
./\.../\\/./\./\...\/..\//\./\....\/...\/.\/.\/
.\/./\\//\.\/.\//\/\./\..\/.\/./\../\/\....../\
../\\//\\/../\..\/\/.\/./\../\.\//\\/\/./\./\\/
/\\/..\//\/\\//\/\./\...\//\\//\.\//\./\\/.\/..
\/./\/\.\/\/..\/\/.\//\/\.\//\\/...\/.\/../\./\
/\.\/\//\/\/\/\......\/\/...\//\/\.../\./\\/.\/
\/./\/\\/\/\/\/./\./\./\/\/\/\\/\//\.\/.\//\/\.
...\/\/./\/\./\.\/.\/.\/\/\/\/../\\/......\/\/.
./\/\/\.\/\/.\/../\..../\/\/\/\.\//\/\/\./\....
.\/\/\/../\./\./\\/./\.\/\/\/\//\.\/\/\/.\/./\.
.../\/\/\\/.\/.\//\.\/.........\/./\../\../\\/.
./\\/\/\//\/\/\..\/./\/\/\/\/\....\//\\//\\/./\
.\//\../\\/\/\//\/\.\/\/\/\/\//\./\.\//\\/./\\/
./\\//\\//\./\.\/\//\/\/\/\/\.\/.\//\.\/...\//\
.\//\\//\\/.\//\./\\/\/\/\/\/./\...\//\/\./\.\/
/\.\//\\//\/\.\/.\/./\/\/\./\.\/./\..\/\/.\/./\
\//\.\//\\/\/..../\.\/\/\/.\/../\\//\/\/\/\/\\/
/\\/./\\//\.../\.\//\.../\./\/\\/..\/\/\/\/\//\
\/./\\//\\//\.\/...\//\.\/.\/\/../\./\./\/\/\\/
./\\/..\/..\//\/\/\..\//\/\/\/\/\\/.\/.\/\/\/..
.\/.../\./\/\\/\/\/./\.\/\/\/\/\/....../\/\/\/\
./\/\.\/.\/\//\/\/\.\//\./\./\./\/\/\/\\/\/\/\/
.\/\/../\../\\/\/\//\.\/.\/.\/.\/\/\/\/./\./\/\
/\./\/\\//\\//\/\/\\//\./\/\/\....../\/\\/.\/\/
\/.\/\//\\/..\/\/\/..\/.\/\/\/./\./\\/\/../\./\
/\./\/\\/./\.../\.../\./\/\/\/\\/.\//\./\.\/.\/
\/.\/\/./\\//\.\/./\\/.\/\/\/\/./\/\\/.\/../\..
/\./\/\.\/..\/./\.\//\./\../\/\.\/\/./\/\/\\//\
\/.\/\/.../\./\\//\.\/.\//\\/\//\/\..\/\/\//\\/
./\/\./\/\\/.\/..\//\/\..\/./\.\/\/./\.....\/..
.\/\/.\/\/./\/\/\..\/\/./\/\\/.../\.\//\./\/\/\
/\..../\./\\/\/\//\/\/\.\/\/.../\\/...\/.\/\/\/
\/./\.\/.\//\/\/\\/\/\/...../\.\/.../\.../\./\.
./\\/./\./\\/\/\/../\../\/\.\//\./\.\/./\\/.\/.
.\//\.\/.\//\../\/\\//\\/\/...\/.\/./\.\/..../\
...\/../\..\//\\/\/..\/./\./\..../\.\/./\./\.\/
./\/\/\\//\/\\/./\/\./\.\/.\//\/\\//\/\\/.\//\.
.\/\/\/..\/\/...\/\/.\/......\/\/..\/\/.....\/.
Case #5:
Impossible
Case #6:
/\/\/\./\/\/\/\./\/\./\/\/\/\/\/\./\.
\/\/\/.\/\/\/\/.\/\/.\/\/\/\/\/\/.\/.
../\/\/\./\/\./\/\/\./\/\/\/\/\/\./\.
/\\/\/\/.\/\/.\/\/\/.\/\/\/\/\/\/.\/.
\//\/\/\/\/\/\/\./\./\./\/\/\/\/\/\..
/\\/\/\/\/\/\/\/.\/.\/.\/\/\/\/\/\/..
\/..../\/\/\./\/\/\./\/\/\/\/\./\/\/\
/\/\/\\/\/\/.\/\/\/.\/\/\/\/\/.\/\/\/
\/\/\//\/\./\/\/\./\/\/\./\./\./\/\..
/\/\/\\/\/.\/\/\/.\/\/\/.\/.\/.\/\/..
\/\/\/../\/\./\./\/\/\/\/\/\./\/\/\/\
/\/\/\/\\/\/.\/.\/\/\/\/\/\/.\/\/\/\/
\/\/\/\//\../\./\/\./\/\/\./\/\/\/\/\
..../\/\\//\\/.\/\/.\/\/\/.\/\/\/\/\/
/\/\\/\//\\/../\./\/\/\/\./\/\./\/\/\
\/\//\/\\/../\\/.\/\/\/\/.\/\/.\/\/\/
/\/\\/\//\/\\//\/\/\/\/\/\/\./\/\/\/\
\/\//\/\\/\/..\/\/\/\/\/\/\/.\/\/\/\/
/\/\\/\//\../\/\/\/\./\/\/\/\./\./\/\
\/\//\/\\//\\/\/\/\/.\/\/\/\/.\/.\/\/
/\/\\/\/..\/..../\/\/\/\/\/\./\/\./\.
\/\//\/\/\../\/\\/\/\/\/\/\/.\/\/.\/.
/\..\/\/\//\\/\/....../\/\/\/\/\/\/\.
\//\/\/\..\//\/\/\/\/\\/\/\/\/\/\/\/.
/\\/\/\//\..\/\/\/\/\//\/\./\./\/\/\.
\/../\/\\//\..../\/\/\\/\/.\/.\/\/\/.
/\/\\/\/..\//\/\\/\/\//\/\/\/\/\/\/\.
\/\/../\/\..\/\/../\/\\/\/\/\/\/\/\/.
/\../\\/\//\/\/\/\\/\//\/\../\/\/\/\.
\//\\//\/\\/\/\/\//\/\\/\//\\/\/\/\/.
/\\//\\/\/..../\/\\/\/../\\//\/\./\/\
\//\\/../\/\/\\/\//\/\/\\/..\/\/.\/\/
..\/../\\/\/\/....\/\/\//\/\../\/\/\.
/\/\/\\/..../\/\/\../\/\\/\//\\/\/\/.
\/\/\/......\/\/\/..\/\/....\/.......
Case #7:
Impossible
Case #8:
/\/\/\./\/\/\/\/\./\/\./\./\/\/\./\/\./\/\/\./\
\/\/\/.\/\/\/\/\/.\/\/.\/.\/\/\/.\/\/.\/\/\/.\/
../\/\./\./\/\/\/\/\/\/\./\/\/\/\/\/\./\/\/\/\.
/\\/\/.\/.\/\/\/\/\/\/\/.\/\/\/\/\/\/.\/\/\/\/.
\//\/\/\/\./\./\/\/\/\/\/\./\./\./\/\/\./\/\/\.
/\\/\/\/\/.\/.\/\/\/\/\/\/.\/.\/.\/\/\/.\/\/\/.
\//\/\/\./\/\/\/\./\./\/\./\/\./\/\./\/\/\./\/\
/\\/\/\/.\/\/\/\/.\/.\/\/.\/\/.\/\/.\/\/\/.\/\/
\/../\/\/\/\./\/\/\/\./\/\/\/\/\/\/\./\/\/\/\/\
/\/\\/\/\/\/.\/\/\/\/.\/\/\/\/\/\/\/.\/\/\/\/\/
\/\//\/\../\/\/\/\./\/\/\./\./\./\/\./\/\/\./\.
../\\/\//\\/\/\/\/.\/\/\/.\/.\/.\/\/.\/\/\/.\/.
/\\//\..\//\/\/\/\/\/\/\./\/\./\./\./\/\./\/\/\
\//\\//\/\\/\/\/\/\/\/\/.\/\/.\/.\/.\/\/.\/\/\/
..\//\\/\/../\/\./\/\./\./\/\./\./\/\/\/\./\./\
/\..\/../\/\\/\/.\/\/.\/.\/\/.\/.\/\/\/\/.\/.\/
\//\/\/\\/\//\/\/\/\./\/\/\/\/\/\./\/\/\./\/\/\
/\\/\/\//\/\\/\/\/\/.\/\/\/\/\/\/.\/\/\/.\/\/\/
\//\/\..\/\//\../\/\./\/\/\./\/\/\/\/\/\/\/\/\.
/\\/\//\../\\//\\/\/.\/\/\/.\/\/\/\/\/\/\/\/\/.
\//\/\\//\\//\\//\/\/\/\./\/\/\./\/\/\/\./\/\/\
..\/\//\\//\\//\\/\/\/\/.\/\/\/.\/\/\/\/.\/\/\/
/\../\\//\\//\\//\/\../\/\/\/\./\/\/\/\./\./\/\
\//\\//\\//\\//\\/\//\\/\/\/\/.\/\/\/\/.\/.\/\/
/\\//\\//\\/..\/../\\//\/\/\/\./\./\./\./\/\/\.
\/..\/..\//\/\../\\//\\/\/\/\/.\/.\/.\/.\/\/\/.
/\/\/\/\/\\/\//\\/..\/..../\./\/\/\/\/\/\./\/\.
\/\/\/\/\//\/\\//\/\/\/\/\\/.\/\/\/\/\/\/.\/\/.
/\../\....\/\//\\/\/\/\/\//\/\/\/\./\/\/\/\/\/\
\//\\//\/\/\/\\//\/\/\../\\/\/\/\/.\/\/\/\/\/\/
/\\//\\/\/\/\//\\/\/\//\\/../\/\/\./\/\/\./\/\.
\/..\//\......\//\/\/\\//\/\\/\/\/.\/\/\/.\/\/.
/\/\/\\//\/\/\/\\/\/\//\\/\//\/\/\/\/\./\/\/\/\
\/\/\/..\/\/\/\//\/\/\\/../\\/\/\/\/\/.\/\/\/\/
..../\/\/\/\/\/\\/\/\//\/\\//\/\/\/\/\/\/\/\/\.
/\/\\/\/\/\/\/\//\/\/\\/\//\\/\/\/\/\/\/\/\/\/.
\/\//\/\/\/\....\/\/\/....\//\/\/\../\./\/\/\/\
/\/\\/\/\/\//\/\../\../\/\/\\/\/\//\\/.\/\/\/\/
\/\//\/\....\/\//\\//\\/\/\/..../\\/../\/\/\./\
....\/\//\/\....\//\\//\../\/\/\\//\/\\/\/\/.\/
/\/\../\\/\//\/\/\\//\\//\\/\/\//\\/\//\/\/\./\
\/\//\\/../\\/\/\//\\//\\//\/\..\//\/\\/\/\/.\/
....\//\/\\//\/\/\\//\\/..\/\//\/\\/\//\/\/\./\
/\/\/\\/\/..\/\/\//\\//\/\/\/\\/\/../\\/\/\/.\/
\/\/\//\/\/\/\../\\//\\/\/\/\//\../\\//\/\../\.
..../\\/\/\/\//\\//\\//\/\/\/\\//\\//\\/\//\\/.
....\/........\/..\/..\/\/\/\/..\/..\/....\/...
Case #9:
/\/\/\./\/\/\/\/\/\/\/\./\/\/\/\./\/\.
\/\/\/.\/\/\/\/\/\/\/\/.\/\/\/\/.\/\/.
/\/\/\/\/\/\/\/\/\/\./\/\./\./\/\/\/\.
\/\/\/\/\/\/\/\/\/\/.\/\/.\/.\/\/\/\/.
../\/\/\/\/\/\./\/\/\/\./\/\/\/\/\/\/\
/\\/\/\/\/\/\/.\/\/\/\/.\/\/\/\/\/\/\/
\/..../\/\./\./\/\/\/\/\/\/\/\/\./\./\
../\/\\/\/.\/.\/\/\/\/\/\/\/\/\/.\/.\/
/\\/\//\/\/\/\/\./\/\/\/\./\./\/\/\/\.
\//\..\/\/\/\/\/.\/\/\/\/.\/.\/\/\/\/.
/\\//\/\/\/\/\/\/\/\/\/\/\./\/\/\/\/\.
\//\\/\/\/\/\/\/\/\/\/\/\/.\/\/\/\/\/.
/\\/../\/\/\/\/\/\./\/\/\/\./\/\./\/\.
\//\/\\/\/\/\/\/\/.\/\/\/\/.\/\/.\/\/.
/\\/\/......../\/\/\/\/\/\/\/\./\/\./\
\//\../\/\/\/\\/\/\/\/\/\/\/\/.\/\/.\/
..\//\\/\/\/\/../\/\/\/\/\/\/\/\/\/\/\
/\..\/......../\\/\/\/\/\/\/\/\/\/\/\/
\//\../\/\/\/\\//\/\/\/\/\/\/\/\/\/\/\
..\//\\/\/\/\//\\/\/\/\/\/\/\/\/\/\/\/
/\/\\//\/\/\/\\//\/\/\./\/\/\/\./\./\.
\/\/..\/\/\/\//\\/\/\/.\/\/\/\/.\/.\/.
/\/\/\../\/\/\\//\/\../\./\/\/\/\./\/\
\/\/\//\\/\/\//\\/\//\\/.\/\/\/\/.\/\/
../\/\\/../\/\\//\/\\/../\/\/\/\./\/\.
/\\/\//\/\\/\//\\/\//\/\\/\/\/\/.\/\/.
\//\/\\/\//\/\\/../\\/\//\/\/\/\/\/\/\
/\\/\//\/\\/\//\/\\//\/\\/\/\/\/\/\/\/
\//\/\\/\//\/\\/\//\\/\//\../\./\/\./\
/\\/\//\/\\/\/../\\//\..\//\\/.\/\/.\/
\//\/\\/\/..../\\//\\//\/\\/../\/\/\..
/\\/\/../\/\/\\//\\//\\/\/../\\/\/\/..
\/../\/\\/\/\/..\//\\//\/\/\\//\/\/\..
../\\/\/../\/\/\/\\//\\/\/\//\\/\/\/..
/\\//\/\/\\/\/\/\//\\/../\/\\//\/\/\/\
\//\\/\/\/../\....\//\/\\/\//\\/\/\/\/
..\//\../\/\\//\/\..\/\//\/\\//\../\/\
....\/..\/\/..\/\/......\/\/..\/..\/\/
Case #10:
Impossible
Case #11:
.../\./\.../\./\./\/\/\/\..
/\.\/.\//\.\/.\/.\/\/\/\//\
\/./\./\\/..../\/\./\../\\/
./\\/.\/./\./\\/\/.\//\\/..
.\//\./\.\/.\/./\./\.\/./\.
./\\/.\/./\/\..\/.\//\..\/.
.\/./\./\\/\//\/\/\.\/./\/\
/\..\/.\/....\/\/\//\..\/\/
\//\/\../\/\/\.../\\/./\./\
..\/\//\\/\/\//\.\//\.\/.\/
./\./\\//\./\.\//\.\/./\./\
.\/.\//\\/.\/./\\//\..\/.\/
......\//\/\/\\//\\//\/\...
/\/\/\/\\/\/\/..\//\\/\//\.
\/\/\/\//\/\./\./\\//\/\\/.
/\/\./\.\/\/.\/.\/..\/\//\.
\/\/.\//\../\./\./\/\./\\/.
/\/\...\//\\/.\/.\/\/.\/./\
\/\/./\..\/....../\/\....\/
/\/\.\/./\/\/\./\\/\//\./\.
\/\//\/\\/\/\/.\//\..\/.\/.
./\.\/\/.../\/\/\\//\/\./\.
.\/../\/\/\\/\/\//\\/\/.\/.
.../\\/\/\//\./\.\/./\.....
./\\//\/\/\\/.\//\/\\//\./\
.\/..\/\/\/.....\/\//\\/.\/
/\/\../\/\/\./\/\/\.\//\./\
\/\//\\/\/\/.\/\/\/./\\/.\/
./\.\//\./\/\/\/\/\.\//\/\.
.\/./\\/.\/\/\/\/\/./\\/\/.
/\/\\//\/\/\/\/\./\.\/./\/\
\/\/..\/\/\/\/\/.\/....\/\/
Case #12:
Impossible
Case #13:
Impossible
Case #14:
Impossible
Case #15:
Impossible
Case #16:
/\/\/\/\/\/\/\/\/\/\/\/\/\/\/\/\/\/\/\/\/\/\/\/\/\
\/\/\/\/\/\/\/\/\/\/\/\/\/\/\/\/\/\/\/\/\/\/\/\/\/
/\/\/\/\/\/\/\/\/\/\/\/\/\/\/\/\/\/\/\/\/\/\/\/\/\
\/\/\/\/\/\/\/\/\/\/\/\/\/\/\/\/\/\/\/\/\/\/\/\/\/
/\/\/\/\/\/\/\/\/\/\/\/\/\/\/\/\/\/\/\/\/\/\/\/\/\
\/\/\/\/\/\/\/\/\/\/\/\/\/\/\/\/\/\/\/\/\/\/\/\/\/
/\/\/\/\/\/\/\/\/\/\/\/\/\/\/\/\/\/\/\/\/\/\/\/\/\
\/\/\/\/\/\/\/\/\/\/\/\/\/\/\/\/\/\/\/\/\/\/\/\/\/
/\/\/\/\/\/\/\/\/\/\/\/\/\/\/\/\/\/\/\/\/\/\/\/\/\
\/\/\/\/\/\/\/\/\/\/\/\/\/\/\/\/\/\/\/\/\/\/\/\/\/
/\/\/\/\/\/\/\/\/\/\/\/\/\/\/\/\/\/\/\/\/\/\/\/\/\
\/\/\/\/\/\/\/\/\/\/\/\/\/\/\/\/\/\/\/\/\/\/\/\/\/
/\/\/\/\/\/\/\/\/\/\/\/\/\/\/\/\/\/\/\/\/\/\/\/\/\
\/\/\/\/\/\/\/\/\/\/\/\/\/\/\/\/\/\/\/\/\/\/\/\/\/
/\/\/\/\/\/\/\/\/\/\/\/\/\/\/\/\/\/\/\/\/\/\/\/\/\
\/\/\/\/\/\/\/\/\/\/\/\/\/\/\/\/\/\/\/\/\/\/\/\/\/
/\/\/\/\/\/\/\/\/\/\/\/\/\/\/\/\/\/\/\/\/\/\/\/\/\
\/\/\/\/\/\/\/\/\/\/\/\/\/\/\/\/\/\/\/\/\/\/\/\/\/
/\/\/\/\/\/\/\/\/\/\/\/\/\/\/\/\/\/\/\/\/\/\/\/\/\
\/\/\/\/\/\/\/\/\/\/\/\/\/\/\/\/\/\/\/\/\/\/\/\/\/
/\/\/\/\/\/\/\/\/\/\/\/\/\/\/\/\/\/\/\/\/\/\/\/\/\
\/\/\/\/\/\/\/\/\/\/\/\/\/\/\/\/\/\/\/\/\/\/\/\/\/
/\/\/\/\/\/\/\/\/\/\/\/\/\/\/\/\/\/\/\/\/\/\/\/\/\
\/\/\/\/\/\/\/\/\/\/\/\/\/\/\/\/\/\/\/\/\/\/\/\/\/
/\/\/\/\/\/\/\/\/\/\/\/\/\/\/\/\/\/\/\/\/\/\/\/\/\
\/\/\/\/\/\/\/\/\/\/\/\/\/\/\/\/\/\/\/\/\/\/\/\/\/
/\/\/\/\/\/\/\/\/\/\/\/\/\/\/\/\/\/\/\/\/\/\/\/\/\
\/\/\/\/\/\/\/\/\/\/\/\/\/\/\/\/\/\/\/\/\/\/\/\/\/
/\/\/\/\/\/\/\/\/\/\/\/\/\/\/\/\/\/\/\/\/\/\/\/\/\
\/\/\/\/\/\/\/\/\/\/\/\/\/\/\/\/\/\/\/\/\/\/\/\/\/
/\/\/\/\/\/\/\/\/\/\/\/\/\/\/\/\/\/\/\/\/\/\/\/\/\
\/\/\/\/\/\/\/\/\/\/\/\/\/\/\/\/\/\/\/\/\/\/\/\/\/
/\/\/\/\/\/\/\/\/\/\/\/\/\/\/\/\/\/\/\/\/\/\/\/\/\
\/\/\/\/\/\/\/\/\/\/\/\/\/\/\/\/\/\/\/\/\/\/\/\/\/
/\/\/\/\/\/\/\/\/\/\/\/\/\/\/\/\/\/\/\/\/\/\/\/\/\
\/\/\/\/\/\/\/\/\/\/\/\/\/\/\/\/\/\/\/\/\/\/\/\/\/
/\/\/\/\/\/\/\/\/\/\/\/\/\/\/\/\/\/\/\/\/\/\/\/\/\
\/\/\/\/\/\/\/\/\/\/\/\/\/\/\/\/\/\/\/\/\/\/\/\/\/
/\/\/\/\/\/\/\/\/\/\/\/\/\/\/\/\/\/\/\/\/\/\/\/\/\
\/\/\/\/\/\/\/\/\/\/\/\/\/\/\/\/\/\/\/\/\/\/\/\/\/
/\/\/\/\/\/\/\/\/\/\/\/\/\/\/\/\/\/\/\/\/\/\/\/\/\
\/\/\/\/\/\/\/\/\/\/\/\/\/\/\/\/\/\/\/\/\/\/\/\/\/
/\/\/\/\/\/\/\/\/\/\/\/\/\/\/\/\/\/\/\/\/\/\/\/\/\
\/\/\/\/\/\/\/\/\/\/\/\/\/\/\/\/\/\/\/\/\/\/\/\/\/
/\/\/\/\/\/\/\/\/\/\/\/\/\/\/\/\/\/\/\/\/\/\/\/\/\
\/\/\/\/\/\/\/\/\/\/\/\/\/\/\/\/\/\/\/\/\/\/\/\/\/
/\/\/\/\/\/\/\/\/\/\/\/\/\/\/\/\/\/\/\/\/\/\/\/\/\
\/\/\/\/\/\/\/\/\/\/\/\/\/\/\/\/\/\/\/\/\/\/\/\/\/
/\/\/\/\/\/\/\/\/\/\/\/\/\/\/\/\/\/\/\/\/\/\/\/\/\
\/\/\/\/\/\/\/\/\/\/\/\/\/\/\/\/\/\/\/\/\/\/\/\/\/
Case #17:
/\./\/\./\.../\./\....../\......
\/.\/\/.\//\.\/.\//\/\/\\/./\/\.
.../\/\/\.\/./\./\\/\/\/...\/\/.
./\\/\/\/../\\/.\//\/\.../\./\/\
.\/../\/\/\\/.....\/\//\.\/.\/\/
/\/\.\/\/\/./\./\./\/\\//\./\...
\/\/./\../\.\/.\/.\/\/..\/.\/./\
.../\\//\\/.../\./\..../\.../\\/
/\.\/..\//\./\\/.\/./\.\/./\\/..
\/./\/\/\\/.\/./\...\/../\\//\/\
...\/\/\/./\...\/./\/\/\\//\\/\/
/\/\/\/\/\\//\./\.\/\/\/..\//\/\
\/\/\/\/\//\\/.\//\/\/\/\/\.\/\/
./\.../\/\\/.../\\/\/\/\/\//\...
.\/./\\/\//\./\\/./\.../\/\\/./\
/\/\\/./\.\/.\/./\\//\.\/\//\.\/
\/\//\.\/.../\..\/..\//\/\.\//\.
/\..\/.../\.\//\../\/\\/\/./\\/.
\/./\/\/\\//\.\//\\/\/../\.\/./\
./\\/\/\//\\/...\/./\/\.\//\..\/
.\/./\...\//\/\/\/\\/\//\.\/./\.
/\..\//\...\/\/\/\/./\.\/../\\/.
\//\..\/./\./\.../\.\//\./\\/...
/\\//\...\/.\//\.\//\.\/.\/./\/\
\//\\//\..../\\/...\//\../\.\/\/
/\\//\\/./\.\/../\/\.\//\\//\./\
\/..\/...\/.../\\/\/./\\/..\/.\/
../\/\./\.../\\//\/\.\/./\/\./\.
/\\/\/.\//\.\//\\/\/./\.\/\/.\/.
\//\/\./\\//\.\/../\.\/.../\./\.
..\/\/.\/..\/./\/\\/..../\\/.\/.
/\./\/\./\/\/\\/\/../\/\\//\./\.
\/.\/\/.\/\/\/./\./\\/\/..\/.\/.
/\.../\/\.../\.\/.\/./\./\./\/\.
\//\.\/\/./\\/./\./\.\/.\/.\/\/.
/\\/.../\.\/...\/.\//\./\/\./\..
\/../\.\//\./\/\/\..\/.\/\/.\//\
/\/\\//\.\/.\/\/\/./\/\/\.....\/
\/\/..\/./\/\/\../\\/\/\//\./\/\
./\./\./\\/\/\//\\/./\/\.\/.\/\/
.\/.\/.\/......\/...\/\/........
Case #18:
Impossible
Case #19:
Impossible
Case #20:
/\/\/\./\./\/\/\/\/\/\./\/\/\/\/\/\/\/\/\/\./\
\/\/\/.\/.\/\/\/\/\/\/.\/\/\/\/\/\/\/\/\/\/.\/
/\/\/\./\/\/\/\/\/\/\./\/\./\/\/\./\./\./\/\/\
\/\/\/.\/\/\/\/\/\/\/.\/\/.\/\/\/.\/.\/.\/\/\/
../\/\/\/\/\/\./\/\/\/\/\./\/\./\/\/\/\/\/\/\.
/\\/\/\/\/\/\/.\/\/\/\/\/.\/\/.\/\/\/\/\/\/\/.
\/..../\/\./\./\/\/\/\./\/\/\./\/\./\/\/\/\/\.
/\/\/\\/\/.\/.\/\/\/\/.\/\/\/.\/\/.\/\/\/\/\/.
\/\/\//\/\/\/\/\./\/\/\./\/\/\./\./\./\/\./\/\
/\/\/\\/\/\/\/\/.\/\/\/.\/\/\/.\/.\/.\/\/.\/\/
\/\/\/..../\/\/\/\./\/\/\./\/\/\/\/\./\/\/\./\
..../\/\/\\/\/\/\/.\/\/\/.\/\/\/\/\/.\/\/\/.\/
/\/\\/\/\//\/\/\/\/\/\./\./\/\/\/\./\./\/\/\/\
\/\/../\/\\/\/\/\/\/\/.\/.\/\/\/\/.\/.\/\/\/\/
/\/\/\\/\//\../\/\./\/\./\./\./\/\./\/\./\/\/\
\/\/\//\/\\//\\/\/.\/\/.\/.\/.\/\/.\/\/.\/\/\/
/\../\\/\//\\//\/\/\/\/\/\/\./\./\/\./\/\./\/\
\//\\//\/\\//\\/\/\/\/\/\/\/.\/.\/\/.\/\/.\/\/
/\\//\\/\/..\//\/\/\/\/\/\/\/\./\/\/\/\/\/\/\.
\//\\//\/\/\/\\/\/\/\/\/\/\/\/.\/\/\/\/\/\/\/.
/\\/..\/\/\/\//\/\../\/\/\/\/\/\/\/\/\/\./\./\
\//\/\/\/\....\/\//\\/\/\/\/\/\/\/\/\/\/.\/.\/
/\\/\/\/\//\/\../\\//\/\/\/\/\/\/\/\/\./\./\/\
\/../\/\..\/\//\\//\\/\/\/\/\/\/\/\/\/.\/.\/\/
/\/\\/\//\/\/\\//\\/../\/\/\/\/\./\./\/\/\./\.
\/\//\/\\/\/\//\\/../\\/\/\/\/\/.\/.\/\/\/.\/.
../\\/\//\/\/\\/../\\//\../\/\/\/\/\/\/\./\/\.
/\\//\/\\/\/\//\/\\//\\//\\/\/\/\/\/\/\/.\/\/.
\//\\/\//\../\\/\/..\//\\/../\/\/\/\/\/\/\/\/\
..\//\/\\//\\//\/\/\/\\/../\\/\/\/\/\/\/\/\/\/
/\/\\/\//\\//\\/\/\/\//\/\\/../\./\/\/\/\/\/\.
\/\//\/\\//\\//\/\/\/\\/\//\/\\/.\/\/\/\/\/\/.
/\/\\/\//\\/..\/\/\/\/....\/\//\/\./\/\./\/\..
\/\//\/\\//\/\/\/\/\/\/\/\/\/\\/\/.\/\/.\/\/..
../\\/\/..\/\/\/\/\/\/\/\/\/\//\../\/\/\./\./\
/\\//\/\/\..../\../\../\/\/\..\//\\/\/\/.\/.\/
\//\\/\/\//\/\\//\\//\\/\/\//\/\\//\/\/\./\/\.
..\//\../\\/\//\\/..\//\....\/\//\\/\/\/.\/\/.
/\/\\//\\//\/\\/../\..\//\/\....\/..../\./\/\.
\/\//\\//\\/\//\/\\//\..\/\//\/\../\/\\/.\/\/.
/\/\\//\\/../\\/\//\\//\/\/\\/\//\\/\//\/\/\..
\/\/..\//\/\\//\/\\//\\/\/\//\..\//\/\\/\/\/..
../\/\..\/\/..\/\//\\//\/\..\//\/\\/\//\../\..
/\\/\//\/\../\/\/\\/..\/\//\/\\/\//\/\\//\\/..
\/....\/\//\\/\/\//\/\/\..\/\/....\/\/..\//\/\
/\/\/\../\\/..../\\/\/\//\/\/\/\/\/\../\..\/\/
\/\/\//\\/../\/\\//\/\..\/\/\/\/\/\//\\//\/\/\
/\/\..\//\/\\/\//\\/\//\../\/\../\/\\//\\/\/\/
\/\/....\/\/....\/....\/..\/\/..\/\/..\/......
Case #21:
Impossible
Case #22:
Impossible
Case #23:
./\./\...../\/\./\..../\../\/\/\./\/\.
.\/.\//\./\\/\/.\/./\.\//\\/\/\/.\/\/.
/\./\.\/.\/.../\/\.\/./\\/./\./\./\/\.
\/.\/../\.../\\/\/....\//\.\/.\/.\/\/.
./\./\.\/./\\//\./\./\..\/../\/\../\/\
.\/.\/....\//\\/.\/.\//\./\.\/\//\\/\/
......./\/\.\//\/\/\..\/.\//\/\.\/../\
./\/\/\\/\/./\\/\/\/./\/\/\\/\/.../\\/
.\/\/\//\/\.\/./\/\/\\/\/\/./\/\/\\/..
./\/\..\/\/....\/\/\//\.....\/\/\//\/\
.\/\/./\./\./\./\./\.\/./\/\/\....\/\/
../\/\\/.\/.\/.\/.\//\..\/\/\/./\./\..
/\\/\/./\./\/\./\./\\//\/\./\..\/.\//\
\/../\.\/.\/\/.\/.\//\\/\/.\//\/\/\.\/
./\.\//\../\/\./\...\//\../\.\/\/\//\.
.\/...\//\\/\/.\//\/\.\//\\//\/\./\\/.
/\../\/\\//\/\/\.\/\//\.\/..\/\/.\/...
\//\\/\//\\/\/\//\./\\/../\..../\../\.
/\\/./\.\/..../\\/.\//\/\\/./\.\//\\/.
\/...\//\./\/\\//\/\.\/\/...\/./\\/...
/\/\...\/.\/\//\\/\//\../\/\...\/../\.
\/\//\./\.../\\//\/\\//\\/\//\./\/\\/.
/\/\\/.\/./\\/..\/\/..\//\/\\/.\/\//\.
\/\//\./\.\//\/\/\./\/\.\/\/../\./\\/.
/\/\\/.\/./\\/\/\/.\/\/./\/\/\\/.\/./\
\/\/./\/\.\//\./\/\./\/\\/\/\/..../\\/
./\/\\/\/...\/.\/\/.\/\/./\../\./\\//\
.\/\//\../\.../\./\/\/\/\\//\\/.\//\\/
.../\\//\\//\.\/.\/\/\/\/..\/./\/\\/..
./\\//\\/..\//\/\./\/\/\/\/\/\\/\//\/\
.\//\\//\/\..\/\/.\/\/\/\/\/\/....\/\/
./\\/..\/\/./\./\/\../\./\/\/\./\.../\
.\//\./\/\/\\/.\/\//\\/.\/\/\/.\/./\\/
./\\/.\/\/\/.../\/\\/./\../\./\...\/..
.\/./\/\../\./\\/\/...\//\\/.\//\.../\
/\/\\/\//\\/.\//\./\./\.\/.....\/./\\/
\/\//\/\\//\/\.\/.\/.\//\/\/\./\/\\//\
....\/\/..\/\/.........\/\/\/.\/\/..\/
Case #24:
/\./\/\/\/\./\/\/\./\./\/\.
\/.\/\/\/\/.\/\/\/.\/.\/\/.
/\/\/\/\./\./\/\/\./\/\/\/\
\/\/\/\/.\/.\/\/\/.\/\/\/\/
../\/\/\/\/\./\/\/\./\/\/\.
/\\/\/\/\/\/.\/\/\/.\/\/\/.
\//\/\/\/\./\/\/\./\./\/\..
/\\/\/\/\/.\/\/\/.\/.\/\/..
\//\/\../\./\/\./\./\./\./\
/\\/\//\\/.\/\/.\/.\/.\/.\/
\//\/\\//\/\/\./\/\/\./\./\
/\\/\//\\/\/\/.\/\/\/.\/.\/
\//\/\\//\/\/\/\./\./\/\./\
/\\/\//\\/\/\/\/.\/.\/\/.\/
\//\..\//\/\../\/\./\./\/\.
/\\//\/\\/\//\\/\/.\/.\/\/.
\//\\/\//\/\\//\/\/\/\/\/\.
..\//\/\\/\//\\/\/\/\/\/\/.
/\/\\/\//\/\\//\/\/\./\./\.
\/\//\/\\/\/..\/\/\/.\/.\/.
....\/\//\../\/\/\../\/\/\.
/\/\/\/\\//\\/\/\//\\/\/\/.
\/\/\/\//\\//\/\/\\//\/\/\.
/\......\//\\/\/\//\\/\/\/.
\//\/\/\/\\//\/\/\\//\/\/\.
..\/\/\/\/..\/\/\//\\/\/\/.
/\../\/\/\/\../\..\//\/\...
\//\\/\/\/\//\\//\/\\/\//\.
/\\//\../\..\/..\/\/....\/.
\/..\//\\//\/\/\/\/\/\/\/\.
/\/\..\//\\/\/\/\/\/\/\/\/.
\/\//\..\//\/\/\../\/\/\...
/\/\\//\/\\/\/\//\\/\/\//\.
\/\//\\/\//\/\/\\//\/\/\\/.
....\//\/\\/\/\//\\/\/\//\.
/\/\..\/\//\/\/\\/../\..\/.
\/\//\/\..\/\/\//\/\\//\/\.
/\/\\/\//\/\/\/\\/\//\\/\/.
\/\/../\\/\/\/\//\/\\/../\.
/\/\/\\//\/\/\..\/\//\/\\/.
\/\/\//\\/\/\//\../\\/\//\.
../\..\/../\/\\//\\/../\\/.
/\\//\../\\/\//\\//\/\\//\.
\//\\//\\//\/\\/..\/\//\\/.
/\\//\\//\\/\//\/\/\..\/...
\//\\/..\//\..\/\/\//\/\/\.
/\\/../\/\\//\/\/\/\\/\/\/.
\//\/\\/\/..\/\/\/\//\/\/\.
/\\/\/..../\/\/\....\/\/\/.
\/........\/\/\/...........
Case #25:
/\./\/\/\/\/\/\/\/\./\/\/\.
\/.\/\/\/\/\/\/\/\/.\/\/\/.
../\./\./\./\/\/\/\/\/\./\.
/\\/.\/.\/.\/\/\/\/\/\/.\/.
\//\/\/\/\./\./\/\/\/\./\/\
/\\/\/\/\/.\/.\/\/\/\/.\/\/
\//\/\/\./\/\/\/\/\/\./\/\.
/\\/\/\/.\/\/\/\/\/\/.\/\/.
\//\/\/\/\./\/\/\./\/\./\/\
/\\/\/\/\/.\/\/\/.\/\/.\/\/
\//\../\/\/\./\/\./\/\/\/\.
/\\//\\/\/\/.\/\/.\/\/\/\/.
\//\\//\/\/\/\./\./\/\./\/\
/\\//\\/\/\/\/.\/.\/\/.\/\/
\//\\//\/\/\/\/\./\./\/\/\.
/\\//\\/\/\/\/\/.\/.\/\/\/.
\//\\//\/\/\/\/\/\/\/\./\..
/\\//\\/\/\/\/\/\/\/\/.\/..
\/..\//\../\/\/\../\/\/\/\.
../\..\//\\/\/\//\\/\/\/\/.
/\\//\..\//\/\/\\/../\/\./\
\//\\//\/\\/\/\//\/\\/\/.\/
/\\/..\/\/../\/\\/\/../\/\.
\//\/\/\/\/\\/\//\../\\/\/.
/\\/\/\/\/\//\/\\//\\//\/\.
\/../\/\/\..\/\//\\//\\/\/.
/\/\\/\/\//\/\/\\//\\//\...
\/\//\....\/\/\//\\/..\//\.
/\/\\//\/\../\/\\//\/\..\/.
\/\//\\/\//\\/\/..\/\//\/\.
/\/\\//\..\//\../\....\/\/.
\/\/..\//\/\\//\\//\/\/\/\.
/\/\/\..\/\//\\//\\/\/\/\/.
\/\/\//\/\/\\//\\//\/\/\/\.
......\/\/\/..\/..\/\/\/\/.
/\/\/\/\/\/\/\/\/\../\/\/\.
\/\/\/\/\/\/\/\/\//\\/\/\/.
/\/\/\../\../\../\\//\/\/\.
\/\/\//\\//\\//\\/..\/\/\/.
/\/\/\\//\\//\\//\/\/\/\/\.
\/\/\/..\//\\/..\/\/\/\/\/.
/\/\/\/\..\/../\/\/\/\.....
\/\/\/\//\/\/\\/\/\/\//\/\.
../\/\/\\/\/\//\../\/\\/\/.
/\\/\/\//\/\/\\//\\/\//\/\.
\/......\/\/\/..\/....\/\/.
Case #26:
Impossible
Case #27:
/\/\./\/\/\/\/\/\./\/\/\/\/\/\./\/\/\/\/\/\.
\/\/.\/\/\/\/\/\/.\/\/\/\/\/\/.\/\/\/\/\/\/.
/\/\/\/\/\/\/\/\./\/\/\/\./\./\/\./\/\/\/\/\
\/\/\/\/\/\/\/\/.\/\/\/\/.\/.\/\/.\/\/\/\/\/
/\../\/\./\/\/\/\/\/\/\/\./\/\./\/\./\./\/\.
\//\\/\/.\/\/\/\/\/\/\/\/.\/\/.\/\/.\/.\/\/.
/\\/../\./\/\/\./\./\/\/\/\./\./\./\./\./\/\
\//\/\\/.\/\/\/.\/.\/\/\/\/.\/.\/.\/.\/.\/\/
/\\/\//\/\/\/\/\/\/\/\/\/\/\/\/\/\./\./\/\..
\//\/\\/\/\/\/\/\/\/\/\/\/\/\/\/\/.\/.\/\/..
..\/\//\../\./\/\/\/\./\/\/\./\/\/\/\./\/\/\
/\../\\//\\/.\/\/\/\/.\/\/\/.\/\/\/\/.\/\/\/
\//\\/..\/../\./\./\./\./\/\/\/\/\./\/\/\./\
/\\//\/\/\/\\/.\/.\/.\/.\/\/\/\/\/.\/\/\/.\/
\//\\/\/\/\//\/\/\/\/\/\./\./\/\/\./\./\/\/\
..\//\../\/\\/\/\/\/\/\/.\/.\/\/\/.\/.\/\/\/
/\/\\//\\/\//\../\/\./\/\./\/\/\/\/\/\/\/\/\
\/\//\\/../\\//\\/\/.\/\/.\/\/\/\/\/\/\/\/\/
/\/\\//\/\\/..\/../\/\./\/\/\/\/\/\/\./\/\..
\/\//\\/\/../\/\/\\/\/.\/\/\/\/\/\/\/.\/\/..
/\/\\//\/\/\\/\/\//\/\/\/\/\/\/\/\/\./\./\..
\/\//\\/\/\//\....\/\/\/\/\/\/\/\/\/.\/.\/..
/\/\\//\/\/\\//\/\/\../\./\./\/\/\./\/\/\/\.
\/\/..\/\/\//\\/\/\//\\/.\/.\/\/\/.\/\/\/\/.
/\/\/\/\/\..\/../\..\//\/\/\/\/\./\./\/\/\..
\/\/\/\/\//\/\/\\//\..\/\/\/\/\/.\/.\/\/\/..
/\/\..../\\/\/\//\\//\/\/\/\/\/\./\./\./\./\
\/\//\/\\//\/\/\\//\\/\/\/\/\/\/.\/.\/.\/.\/
/\/\\/\/..\/\/\//\\//\..../\/\./\/\/\/\/\./\
\/\//\/\/\/\/\/\\/..\//\/\\/\/.\/\/\/\/\/.\/
....\/\/\/\/\/\//\/\..\/\//\/\/\/\/\./\/\./\
/\/\/\/\../\/\/\\/\//\../\\/\/\/\/\/.\/\/.\/
\/\/\/\//\\/\/\//\/\\//\\/../\../\./\/\/\/\.
/\/\/\..\//\/\..\/\//\\/../\\//\\/.\/\/\/\/.
\/\/\//\/\\/\//\/\/\\//\/\\//\\//\/\/\./\./\
/\/\/\\/\/....\/\/\//\\/\//\\//\\/\/\/.\/.\/
\/\/\/../\/\/\/\/\/\\/../\\/..\//\/\/\./\/\.
/\/\/\/\\/\/\/\/\/\//\/\\/../\/\\/\/\/.\/\/.
\/\/\/\/..../\/\/\..\/\/../\\/\//\/\../\/\/\
/\/\/\../\/\\/\/\//\/\../\\//\..\/\//\\/\/\/
\/\/\//\\/\//\/\/\\/\//\\//\\//\/\..\//\/\..
/\/\/\\//\..\/\/\//\..\/..\//\\/\//\/\\/\/..
\/\/\//\\//\/\/\/\\//\../\/\\//\/\\/\//\/\/\
../\/\\/..\/\/\/\//\\//\\/\//\\/\/../\\/\/\/
/\\/\//\/\/\..../\\//\\/../\\//\../\\//\/\..
\//\..\/\/\//\/\\/..\/../\\/..\//\\//\\/\//\
/\\//\/\/\/\\/\//\/\../\\//\/\/\\//\\/../\\/
\/..\/\/\/\/....\/\/..\/..\/\/\/..\/....\/..
Case #28:
./\/\......../\.../\..../\/\/\...../\..
.\/\//\/\/\/\\/./\\//\/\\/\/\//\./\\//\
/\/\.\/\/\/\/./\\//\\/\//\./\.\/.\/..\/
\/\/./\./\....\/..\/....\/.\/../\/\/\/\
.../\\/.\//\/\/\/\/\/\./\/\/\/\\/\/\/\/
./\\//\/\.\/\/\/\/\/\/.\/\/\/\/./\./\..
.\//\\/\/./\/\./\/\../\....../\.\/.\//\
/\.\//\./\\/\/.\/\//\\/./\/\.\/../\/\\/
\/...\/.\/./\.../\.\//\.\/\/../\.\/\/..
./\/\......\/./\\//\.\/../\/\.\/./\/\/\
.\/\//\./\/\..\//\\/.../\\/\/../\\/\/\/
/\./\\/.\/\//\..\/./\/\\/./\/\.\/./\./\
\/.\//\/\/\.\//\/\.\/\/./\\/\/./\.\/.\/
/\/\.\/\/\/./\\/\//\./\.\//\./\\/../\..
\/\/./\/\./\\//\/\\/.\/...\/.\//\/\\//\
./\..\/\/.\/..\/\/../\./\./\/\.\/\//\\/
.\/./\./\/\/\./\./\.\/.\/.\/\//\...\//\
....\/.\/\/\/.\/.\/...../\./\.\//\/\.\/
./\/\/\.../\/\/\.../\/\.\/.\/./\\/\//\.
.\/\/\/./\\/\/\//\.\/\//\/\/\.\//\/\\/.
../\./\.\//\./\.\//\./\\/\/\/./\\/\/...
/\\/.\/...\/.\/./\\/.\//\/\./\\//\/\./\
\/.../\./\/\/\..\//\/\.\/\/.\/..\/\/.\/
../\.\/.\/\/\//\..\/\/......./\/\./\...
/\\//\...../\.\/./\.../\./\/\\/\/.\//\.
\/..\//\/\.\/./\.\/./\\/.\/\//\.../\\/.
./\/\.\/\/./\.\//\/\\//\/\/\.\//\.\/./\
.\/\//\./\.\//\.\/\/..\/\/\/...\//\/\\/
./\..\/.\//\.\/../\/\....../\/\/\\/\//\
.\//\/\./\\/./\/\\/\/./\/\.\/\/\/./\.\/
./\\/\/.\/...\/\//\/\.\/\/..../\/\\/./\
.\/../\.../\/\./\\/\//\/\/\/\.\/\/./\\/
/\/\.\/./\\/\/.\/....\/\/\/\/../\/\\//\
\/\/../\\/./\/\./\/\...../\../\\/\/..\/
/\./\.\//\.\/\/.\/\//\/\.\//\\/./\/\/\.
\/.\/...\/..........\/\/...\/...\/\/\/.
Case #29:
Impossible
Case #30:
Impossible
Case #31:
/\/\/\/\./\/\/\/\/\./\/\./\/\.
\/\/\/\/.\/\/\/\/\/.\/\/.\/\/.
../\/\/\/\./\/\/\./\/\./\/\/\.
/\\/\/\/\/.\/\/\/.\/\/.\/\/\/.
\//\/\/\/\/\./\./\/\/\/\/\/\/\
/\\/\/\/\/\/.\/.\/\/\/\/\/\/\/
\/../\/\/\./\/\/\/\/\/\./\./\.
/\/\\/\/\/.\/\/\/\/\/\/.\/.\/.
\/\//\../\/\/\/\/\/\./\./\/\..
/\..\//\\/\/\/\/\/\/.\/.\/\/..
\//\/\\//\/\/\/\/\/\/\./\/\/\.
/\\/\//\\/\/\/\/\/\/\/.\/\/\/.
\//\/\\//\../\./\/\/\/\/\./\/\
..\/\//\\//\\/.\/\/\/\/\/.\/\/
/\/\/\\/..\//\/\/\/\/\/\/\/\..
\/\/\//\/\..\/\/\/\/\/\/\/\/..
../\/\\/\//\..../\/\./\/\/\/\.
/\\/\//\/\\//\/\\/\/.\/\/\/\/.
\//\/\\/\//\\/\/../\./\/\/\/\.
/\\/\/../\\/..../\\/.\/\/\/\/.
\//\../\\/../\/\\//\/\/\/\/\..
/\\//\\//\/\\/\/..\/\/\/\/\/..
\//\\/..\/\//\/\/\/\/\/\/\/\/\
/\\//\/\/\/\\/\/\/\/\/\/\/\/\/
\/..\/\/\/\/../\..../\/\/\/\/\
/\/\../\/\../\\//\/\\/\/\/\/\/
\/\//\\/\//\\/..\/\/..../\/\..
/\/\\//\/\\//\/\/\/\/\/\\/\/..
\/\//\\/\/..\/\/\/\/\/\//\/\/\
/\/\\//\/\/\/\../\..../\\/\/\/
\/\//\\/\/\/\//\\//\/\\//\../\
....\//\/\../\\/..\/\//\\//\\/
/\/\/\\/\//\\/../\/\/\\//\\//\
\/\/\//\/\\//\/\\/\/\/..\/..\/
......\/\/..\/\/..............
Case #32:
Impossible
Case #33:
/\.........../\./\/\...../\/\/\/\/\...../\
\/./\/\/\./\.\/.\/\//\./\\/\/\/\/\//\/\.\/
./\\/\/\/.\/./\/\...\/.\/./\./\....\/\/...
.\//\/\/\../\\/\//\/\.....\/.\/./\./\../\.
./\\/\/\//\\/../\\/\/./\./\/\/\.\/.\//\\/.
.\//\....\/./\.\//\...\/.\/\/\//\/\/\\/./\
...\/./\/\/\\/./\\/./\..../\...\/\/\/./\\/
/\....\/\/\/./\\/...\/./\.\//\../\./\.\//\
\//\/\./\./\.\/.../\...\/./\\//\\/.\/...\/
/\\/\/.\/.\/.../\.\//\....\/..\/..../\/\/\
\/./\/\/\/\./\.\//\.\//\/\.../\/\/\.\/\/\/
/\.\/\/\/\/.\/./\\/...\/\//\.\/\/\//\./\/\
\/../\/\/\.....\/./\/\./\.\/../\...\/.\/\/
/\/\\/\/\//\./\./\\/\/.\//\/\.\/./\../\./\
\/\//\/\..\/.\/.\/./\/\..\/\//\/\\//\\/.\/
/\/\\/\//\/\./\/\/\\/\//\/\/\\/\//\\/.../\
\/\/./\.\/\/.\/\/\//\..\/\/\//\..\/../\.\/
/\/\.\/../\./\/\...\//\/\....\//\../\\//\.
\/\/.../\\/.\/\/./\/\\/\/./\/\.\//\\//\\/.
/\/\/\.\//\./\/\.\/\/.../\\/\//\.\//\\//\.
\/\/\/...\/.\/\/./\/\/\.\/....\//\.\/..\/.
../\/\/\/\/\/\/\.\/\/\//\/\/\/\.\//\./\/\.
/\\/\/\/\/\/\/\/...../\\/\/\/\/...\/.\/\/.
\/./\./\..../\/\./\/\\/../\./\../\/\/\./\.
/\.\/.\//\/\\/\/.\/\//\/\\/.\//\\/\/\/.\/.
\/.../\.\/\/./\......\/\/.../\\/../\/\./\.
.../\\//\/\/\\//\./\/\/\/\/\\/./\.\/\/.\/.
./\\/..\/\/\/..\/.\/\/\/\/\/./\\/../\.../\
.\/../\/\/\/\/\/\/\/\/\/\../\\/../\\//\.\/
/\/\.\/\/\/\/\/\/\/\/\/\//\\/../\\//\\//\.
\/\/../\./\/\./\./\./\./\\/../\\/..\//\\/.
/\./\.\/.\/\/.\/.\/.\/.\//\/\\/.../\.\/./\
\/.\/./\./\./\./\/\/\./\.\/\/./\/\\//\/\\/
......\/.\/.\/.\/\/\/.\/......\/\/..\/\/..
Case #34:
/\./\/\./\./\./\./\./\/\/\
\/.\/\/.\/.\/.\/.\/.\/\/\/
/\/\/\/\./\/\/\/\/\/\./\..
\/\/\/\/.\/\/\/\/\/\/.\/..
../\/\/\/\/\./\/\./\/\./\.
/\\/\/\/\/\/.\/\/.\/\/.\/.
\/../\/\/\/\/\/\/\/\/\./\.
/\/\\/\/\/\/\/\/\/\/\/.\/.
\/\//\/\/\./\./\./\./\/\/\
/\..\/\/\/.\/.\/.\/.\/\/\/
\//\/\/\../\./\/\./\./\/\.
/\\/\/\//\\/.\/\/.\/.\/\/.
\//\/\/\\//\/\/\./\/\/\/\.
/\\/\/\//\\/\/\/.\/\/\/\/.
\/../\/\\//\/\/\/\/\/\/\/\
../\\/\//\\/\/\/\/\/\/\/\/
/\\//\..\/../\/\/\./\/\./\
\/..\//\/\/\\/\/\/.\/\/.\/
/\/\..\/\/\//\/\/\/\./\./\
\/\//\/\/\/\\/\/\/\/.\/.\/
../\\/\/\/\//\/\/\../\/\/\
/\\/../\/\/\\/\/\//\\/\/\/
\/../\\/\/\//\/\..\/../\/\
/\/\\/../\..\/\//\../\\/\/
\/\/../\\//\/\/\\//\\//\/\
/\../\\//\\/\/\/..\//\\/\/
\//\\//\\//\../\/\/\\//\/\
/\\//\\//\\//\\/\/\/..\/\/
\//\\//\\//\\//\/\/\/\/\..
/\\//\\//\\//\\/\/\/\/\//\
\//\\//\\//\\/../\../\/\\/
..\//\\//\\//\/\\//\\/\/..
/\..\/..\//\\/\//\\//\/\/\
\//\/\/\/\\//\/\\//\\/\/\/
/\\/\/\/\//\\/\/..\//\/\/\
\//\/\../\\//\/\/\..\/\/\/
/\\/\//\\/..\/\/\//\/\/\/\
\//\/\\//\/\/\../\\/\/\/\/
/\\/\//\\/\/\//\\/..../\/\
\/../\\//\/\..\/../\/\\/\/
../\\//\\/\//\../\\/\//\/\
/\\//\\//\/\\//\\//\/\\/\/
\/..\/..\/\/..\/..\/\/....
Case #35:
/\/\./\....../\.../\..../\..../\/\/\/\/\./\
\/\/.\/./\./\\/./\\/./\.\/./\.\/\/\/\/\/.\/
/\./\./\\/.\/./\\//\.\/../\\/../\./\/\./\/\
\/.\/.\//\/\..\/..\/../\.\/./\.\/.\/\/.\/\/
./\./\..\/\/./\/\/\/\.\//\..\//\/\/\./\/\/\
.\/.\/./\/\/\\/\/\/\/...\/./\.\/\/\/.\/\/\/
/\./\/\\/\/\/./\/\/\/\/\/\.\/./\.../\/\./\.
\/.\/\/../\./\\/\/\/\/\/\/../\\/./\\/\/.\/.
./\./\./\\/.\/....../\./\./\\/...\/..../\..
.\/.\/.\/./\/\/\/\/\\/.\/.\//\/\/\/\/\.\//\
/\/\/\....\/\/\/\/\//\/\/\..\/\/\/\/\/...\/
\/\/\/./\/\./\......\/\/\//\/\/\/\..../\/\.
/\.....\/\/.\//\/\./\/\...\/\/\/\//\/\\/\/.
\//\/\/\..../\\/\/.\/\//\./\..../\\/\//\./\
/\\/\/\/./\.\/.../\./\.\/.\/./\.\//\/\\/.\/
\/./\/\/\\//\/\/\\/.\//\/\/\.\//\.\/\//\/\.
...\/\/\//\\/\/\//\...\/\/\/...\/./\/\\/\/.
/\..../\.\/.../\.\//\./\./\./\/\/\\/\/./\/\
\/./\.\//\/\/\\/./\\/.\/.\/.\/\/\/./\/\\/\/
/\.\/...\/\/\/./\\/../\/\./\./\./\.\/\/../\
\/../\/\./\/\..\//\/\\/\/.\/.\/.\/./\./\.\/
../\\/\/.\/\//\..\/\/./\./\/\/\./\.\/.\/./\
/\\//\./\/\/\\/./\/\/\\/.\/\/\/.\//\.....\/
\/..\/.\/\/\/...\/\/\/./\./\../\/\\//\/\/\.
/\./\/\/\/\./\/\/\./\/\\/.\//\\/\//\\/\/\/.
\/.\/\/\/\/.\/\/\/.\/\/.....\/....\/.......
Case #36:
.../\./\..../\./\..../\/\./\/\./\./\........./\./\
/\.\/.\//\/\\/.\//\/\\/\/.\/\/.\/.\/./\./\./\\/.\/
\/.../\.\/\//\/\.\/\/../\./\.../\/\/\\/.\/.\//\./\
/\/\.\/../\.\/\//\/\./\\/.\//\.\/\/\/./\/\/\.\/.\/
\/\/.../\\//\...\/\/.\/.../\\/./\/\...\/\/\//\/\..
./\./\.\//\\//\./\/\/\/\/\\/./\\/\/./\..../\\/\//\
.\/.\//\.\//\\/.\/\/\/\/\/...\/./\/\\//\/\\//\/\\/
/\....\//\.\//\/\/\/\.../\/\../\\/\//\\/\//\\/\/..
\/./\/\.\/...\/\/\/\//\.\/\//\\/....\/../\\/..../\
...\/\/..../\/\/\/\..\/.....\/../\./\/\.\/./\/\.\/
/\.../\./\.\/\/\/\//\.../\/\../\\/.\/\/../\\/\/...
\//\.\/.\/./\/\/\/\\/./\\/\//\\/./\.../\.\/../\/\.
/\\/./\../\\/\/\/\/...\/./\.\//\.\//\.\//\./\\/\/.
\/./\\//\\//\/\./\/\/\...\//\.\/...\//\.\/.\//\./\
/\.\/..\//\\/\/.\/\/\//\/\.\/./\/\/\.\//\./\.\/.\/
\//\/\./\\/.../\/\/\..\/\/./\.\/\/\//\.\/.\/./\./\
..\/\/.\//\/\.\/\/\//\/\/\.\//\./\/\\//\/\/\.\/.\/
/\.../\/\\/\/.......\/\/\/./\\/.\/\/..\/\/\//\/\..
\//\.\/\/.../\/\./\.../\...\//\./\/\./\/\/\.\/\//\
/\\/.../\/\.\/\/.\/./\\//\./\\/.\/\/.\/\/\/./\/\\/
\//\./\\/\/.../\/\..\//\\/.\//\/\/\...../\/\\/\//\
/\\/.\//\/\./\\/\//\/\\//\./\\/\/\//\/\.\/\//\/\\/
\//\...\/\/.\//\..\/\//\\/.\//\/\/\\/\/./\/\\/\//\
/\\//\/\/\/\/\\/./\...\/../\.\/\/\/.../\\/\//\..\/
\/..\/\/\/\/\/...\//\../\.\//\.../\./\\/../\\/./\.
/\./\/\./\/\/\/\...\//\\//\.\//\.\/.\//\/\\//\.\/.
\/.\/\/.\/\/\/\//\...\/..\/./\\/.../\.\/\/..\//\..
/\......./\.....\/./\/\/\/\.\/.../\\//\.../\/\\//\
\//\./\/\\/./\/\/\.\/\/\/\/.../\.\//\\/./\\/\/..\/
..\/.\/\/./\\/\/\/./\./\..../\\//\.\//\.\/./\/\./\
./\./\/\/\\//\/\./\\/.\/./\.\//\\/./\\//\/\\/\/.\/
.\/.\/\/\//\\/\/.\//\/\/\\/...\/...\/..\/\/./\/\/\
/\./\/\/\.\//\../\.\/\/\//\./\../\/\/\/\/\/\\/\/\/
\/.\/\/\/...\//\\/.../\..\/.\//\\/\/\/\/\/\/./\./\
/\.../\.../\/\\/./\/\\/./\/\/\\//\./\./\./\/\\/.\/
\//\.\//\.\/\/./\\/\//\.\/\/\//\\/.\/.\/.\/\//\/\.
..\/./\\//\/\/\\/....\/.../\/\\/./\/\./\.../\\/\/.
./\..\/..\/\/\//\/\/\./\/\\/\/./\\/\/.\//\.\//\...
.\/./\../\./\..\/\/\/.\/\/./\/\\/./\/\/\\/...\/./\
./\.\//\\/.\//\/\.../\/\/\.\/\/./\\/\/\//\./\/\.\/
.\//\.\/.....\/\/./\\/\/\/./\...\/./\/\.\/.\/\/...
/\.\/./\/\/\./\...\/./\....\//\/\..\/\//\/\../\./\
\//\..\/\/\/.\/./\./\\/./\./\\/\//\./\.\/\//\\/.\/
..\//\./\/\/\/\.\/.\/./\\/.\/....\/.\//\/\.\//\/\.
./\.\/.\/\/\/\/./\./\.\//\./\/\/\/\/\.\/\/./\\/\/.
.\/../\.../\....\/.\/./\\/.\/\/\/\/\/./\/\.\//\./\
/\/\.\//\.\/./\../\./\\/../\/\../\./\.\/\/./\\/.\/
\/\/...\/./\.\//\\/.\/./\.\/\//\\/.\//\./\.\/./\/\
/\/\./\./\\//\.\//\/\/\\//\/\.\/./\/\\/.\//\/\\/\/
\/\/.\/.\/..\/...\/\/\/..\/\/....\/\/.....\/\/....
Case #37:
Impossible
Case #38:
Impossible
Case #39:
/\/\/\./\/\./\/\/\/\/\/\/\/\/\/\./\./\
\/\/\/.\/\/.\/\/\/\/\/\/\/\/\/\/.\/.\/
/\/\/\/\/\/\/\/\./\./\/\./\/\./\./\./\
\/\/\/\/\/\/\/\/.\/.\/\/.\/\/.\/.\/.\/
/\/\/\./\/\/\./\/\/\/\./\/\/\/\/\/\/\.
\/\/\/.\/\/\/.\/\/\/\/.\/\/\/\/\/\/\/.
/\..../\/\./\./\./\/\/\./\/\/\./\/\/\.
\//\/\\/\/.\/.\/.\/\/\/.\/\/\/.\/\/\/.
/\\/\/../\/\./\/\/\/\/\/\./\/\./\/\./\
\/..../\\/\/.\/\/\/\/\/\/.\/\/.\/\/.\/
/\/\/\\/../\./\/\/\/\/\/\/\/\/\./\./\.
\/\/\//\/\\/.\/\/\/\/\/\/\/\/\/.\/.\/.
/\/\/\\/\/../\./\/\/\./\/\/\/\./\/\/\.
\/\/\/..../\\/.\/\/\/.\/\/\/\/.\/\/\/.
....../\/\\/../\/\./\/\/\/\/\./\./\./\
/\/\/\\/\/../\\/\/.\/\/\/\/\/.\/.\/.\/
\/\/\//\/\/\\//\/\/\/\/\./\/\/\/\/\./\
/\/\/\\/\/\//\\/\/\/\/\/.\/\/\/\/\/.\/
\/\/\//\/\..\/..../\/\./\/\/\/\./\/\/\
..../\\/\//\/\/\/\\/\/.\/\/\/\/.\/\/\/
/\/\\//\/\\/\/\/\//\/\/\/\/\/\/\/\./\.
\/\/..\/\//\/\/\/\\/\/\/\/\/\/\/\/.\/.
/\../\....\/\/\/\/../\/\/\/\/\/\/\./\.
\//\\//\/\/\/\/\../\\/\/\/\/\/\/\/.\/.
..\//\\/\/\/\/\//\\/../\/\./\/\./\/\..
/\/\\//\/\/\/\/\\//\/\\/\/.\/\/.\/\/..
\/\/..\/\/\/\/\/..\/\/..../\/\/\/\/\/\
/\../\/\/\/\/\/\/\/\/\/\/\\/\/\/\/\/\/
\//\\/\/\/\/\/\/\/\/\/\/\//\/\/\/\/\..
/\\/......../\../\/\/\/\/\\/\/\/\/\/..
\//\/\/\/\/\\//\\/\/\/\/\//\/\/\/\/\/\
..\/\/\/\/\/..\//\../\/\/\\/\/\/\/\/\/
/\/\/\/\/\/\/\/\\//\\/\/\//\/\/\/\/\/\
\/\/\/\/\/\/\/\//\\//\/\/\\/\/\/\/\/\/
/\/\/\/\/\/\/\..\//\\/\/\//\../\../\..
\/\/\/\/\/\/\//\/\\//\../\\//\\//\\/..
/\/\/\/\..../\\/\//\\//\\//\\//\\//\/\
\/\/\/\//\/\\//\/\\/..\/..\//\\//\\/\/
/\/\/\/\\/\//\\/\//\/\/\/\/\\//\\//\/\
\/\/\/\/../\\/../\\/\/\/\/\/..\//\\/\/
/\/\/\/\/\\//\/\\/../\/\../\/\/\\/../\
\/\/\/\/\/..\/\//\/\\/\//\\/\/\/../\\/
................\/\/....\/........\/..
Case #40:
/\/\/\./\/\/\/\/\/\/\/\./\/\/\/\/\/\./\/\/\./\./\.
\/\/\/.\/\/\/\/\/\/\/\/.\/\/\/\/\/\/.\/\/\/.\/.\/.
/\/\/\./\/\./\./\./\./\/\/\./\/\./\/\./\/\/\/\/\/\
\/\/\/.\/\/.\/.\/.\/.\/\/\/.\/\/.\/\/.\/\/\/\/\/\/
..../\./\/\./\/\./\/\/\/\/\./\/\./\/\/\/\/\./\/\/\
/\/\\/.\/\/.\/\/.\/\/\/\/\/.\/\/.\/\/\/\/\/.\/\/\/
\/\/../\/\/\/\./\./\/\/\/\/\./\/\/\/\./\/\/\/\/\/\
/\/\/\\/\/\/\/.\/.\/\/\/\/\/.\/\/\/\/.\/\/\/\/\/\/
\/\/\//\/\/\/\./\/\/\./\./\./\/\/\/\/\./\./\/\./\.
/\/\/\\/\/\/\/.\/\/\/.\/.\/.\/\/\/\/\/.\/.\/\/.\/.
\/\/\//\/\/\/\/\./\/\./\/\/\/\/\/\/\/\/\/\/\/\/\/\
/\/\..\/\/\/\/\/.\/\/.\/\/\/\/\/\/\/\/\/\/\/\/\/\/
\/\//\/\/\/\/\./\/\/\/\/\./\/\/\/\/\/\/\/\/\./\/\.
/\/\\/\/\/\/\/.\/\/\/\/\/.\/\/\/\/\/\/\/\/\/.\/\/.
\/\/..../\/\../\/\/\/\./\/\./\./\/\/\/\/\./\./\/\.
/\../\/\\/\//\\/\/\/\/.\/\/.\/.\/\/\/\/\/.\/.\/\/.
\//\\/\//\/\\//\/\/\/\/\./\/\/\./\/\./\/\/\/\/\./\
/\\/../\\/\//\\/\/\/\/\/.\/\/\/.\/\/.\/\/\/\/\/.\/
\//\/\\//\/\\//\/\/\./\/\/\/\./\./\/\/\./\/\/\/\..
/\\/\/..\/\//\\/\/\/.\/\/\/\/.\/.\/\/\/.\/\/\/\/..
\//\/\/\/\..\//\/\/\/\/\/\./\/\./\./\/\./\/\/\/\/\
/\\/\/\/\//\/\\/\/\/\/\/\/.\/\/.\/.\/\/.\/\/\/\/\/
\//\/\/\/\\/\//\/\/\/\/\/\./\/\/\/\/\/\/\/\/\./\/\
..\/\/\/\/../\\/\/\/\/\/\/.\/\/\/\/\/\/\/\/\/.\/\/
/\/\/\/\../\\/../\..../\/\/\/\/\./\./\/\/\/\/\/\/\
\/\/\/\//\\//\/\\//\/\\/\/\/\/\/.\/.\/\/\/\/\/\/\/
/\..../\\//\\/\//\\/\//\/\/\./\/\/\/\/\./\./\./\/\
\//\/\\//\\/../\\//\/\\/\/\/.\/\/\/\/\/.\/.\/.\/\/
/\\/\/..\//\/\\/..\/\//\/\/\/\./\/\./\/\./\/\/\./\
\//\../\/\\/\/../\/\/\\/\/\/\/.\/\/.\/\/.\/\/\/.\/
/\\//\\/\//\../\\/\/\//\/\..../\./\/\/\./\/\/\/\/\
\/..\/../\\//\\/../\/\\/\//\/\\/.\/\/\/.\/\/\/\/\/
../\/\/\\//\\//\/\\/\//\..\/\/../\/\/\/\./\/\/\/\.
/\\/\/\//\\//\\/\//\..\//\/\../\\/\/\/\/.\/\/\/\/.
\//\....\/..\/....\//\/\\/\//\\//\/\/\/\/\/\/\/\..
..\//\/\/\/\/\/\/\/\\/\//\..\//\\/\/\/\/\/\/\/\/..
/\/\\/\/\/\/\/\/\/\//\/\\//\/\\//\/\/\/\/\/\/\./\.
\/\//\/\..../\..../\\/\//\\/\/..\/\/\/\/\/\/\/.\/.
/\/\\/\//\/\\//\/\\//\/\\//\/\/\../\/\/\./\/\/\./\
\/\//\/\\/\//\\/\//\\/\/..\/\/\//\\/\/\/.\/\/\/.\/
/\/\\/\//\/\\//\..\/../\/\../\/\\//\/\../\/\/\/\/\
\/\//\/\\/\//\\//\/\/\\/\//\\/\//\\/\//\\/\/\/\/\/
....\/\//\/\\//\\/\/\//\..\//\/\\//\/\\//\/\/\./\.
/\/\/\/\\/\//\\/../\..\//\/\\/\//\\/\//\\/\/\/.\/.
\/\/\/\//\/\\//\/\\//\..\/\//\..\//\..\//\/\/\./\.
/\..../\\/\//\\/\//\\//\/\/\\//\/\\//\/\\/\/\/.\/.
\//\/\\/....\//\/\\/..\/\/\/..\/\//\\/\/../\../\/\
/\\/\/../\/\/\\/\//\/\/\/\/\/\/\/\\//\/\/\\//\\/\/
\/../\/\\/\/\//\/\\/\/\/\/\/\/\/\/..\/\/\//\\/../\
....\/\/......\/\/........................\/....\/
Case #41:
Impossible
Case #42:
/\./\/\/\./\/\/\./\/\/\/\/\/\./\/\
\/.\/\/\/.\/\/\/.\/\/\/\/\/\/.\/\/
/\/\/\/\/\/\./\./\/\./\/\/\/\/\/\.
\/\/\/\/\/\/.\/.\/\/.\/\/\/\/\/\/.
..../\/\./\./\./\./\/\/\/\./\/\/\.
/\/\\/\/.\/.\/.\/.\/\/\/\/.\/\/\/.
\/\/../\/\./\/\/\/\/\/\./\/\/\/\/\
/\../\\/\/.\/\/\/\/\/\/.\/\/\/\/\/
\//\\/../\/\/\/\/\./\./\./\./\./\.
..\//\/\\/\/\/\/\/.\/.\/.\/.\/.\/.
/\..\/\/../\/\/\./\/\/\/\/\/\/\/\.
\//\/\/\/\\/\/\/.\/\/\/\/\/\/\/\/.
/\\/\/\/\//\/\./\/\/\./\/\./\/\/\.
\//\../\/\\/\/.\/\/\/.\/\/.\/\/\/.
..\//\\/\/../\/\./\/\./\/\/\/\/\..
/\/\\//\../\\/\/.\/\/.\/\/\/\/\/..
\/\//\\//\\//\../\/\./\/\/\/\/\/\.
/\/\\//\\/..\//\\/\/.\/\/\/\/\/\/.
\/\/..\/../\..\/../\./\/\./\/\/\..
/\../\../\\//\/\/\\/.\/\/.\/\/\/..
\//\\//\\//\\/\/\/../\/\/\/\/\/\/\
..\//\\//\\//\../\/\\/\/\/\/\/\/\/
/\/\\/..\//\\//\\/\//\/\/\./\./\/\
\/\//\/\/\\/..\//\/\\/\/\/.\/.\/\/
/\/\\/\/\//\/\/\\/\/../\/\./\/\/\.
\/\/......\/\/\/......\/\/.\/\/\/.
Case #43:
../\./\../\/\/\............/\/\...../\./\/\./\
/\\/.\//\\/\/\//\/\./\./\/\\/\//\./\\/.\/\/.\/
\/.....\/..../\\/\/.\/.\/\/./\.\/.\//\.../\...
/\./\/\./\/\.\/./\/\/\/\/\/\\//\/\/\\/./\\/./\
\/.\/\/.\/\//\/\\/\/\/\/\/\/..\/\/\/...\/./\\/
./\/\../\./\\/\/./\/\./\/\/\/\/\.../\./\/\\//\
.\/\//\\/.\/.../\\/\/.\/\/\/\/\/./\\/.\/\/..\/
/\/\.\//\/\../\\/./\/\/\.../\....\//\/\/\/\/\.
\/\//\.\/\//\\//\.\/\/\//\.\//\/\/\\/\/\/\/\/.
....\//\./\\/..\//\./\/\\//\.\/\/\//\./\/\../\
./\./\\/.\/../\/\\/.\/\//\\/..../\.\/.\/\//\\/
.\/.\/../\./\\/\/.......\//\./\.\//\.../\.\/..
./\.../\\/.\//\/\/\/\/\/\.\/.\/./\\//\.\//\./\
.\//\.\//\...\/\/\/\/\/\/.../\/\\/..\/./\\/.\/
/\.\//\.\//\/\/\./\/\./\./\.\/\/.../\..\//\./\
\/...\//\.\/\/\/.\/\/.\/.\//\./\./\\/./\.\/.\/
.../\/\\/../\./\.../\./\./\\/.\/.\/...\/./\./\
/\.\/\//\/\\/.\//\.\/.\/.\/./\/\/\/\./\..\/.\/
\//\./\\/\/../\.\/....../\..\/\/\/\/.\//\./\/\
..\/.\/.../\.\/./\./\./\\//\/\/\../\...\/.\/\/
/\./\/\/\.\/../\\/.\/.\//\\/\/\//\\//\/\/\/\/\
\/.\/\/\/../\.\//\/\....\/......\//\\/\/\/\/\/
/\......./\\/...\/\//\./\./\./\/\.\/./\./\/\/\
\//\/\/\.\/../\/\./\\/.\/.\/.\/\/./\.\/.\/\/\/
/\\/\/\/./\/\\/\/.\//\./\./\./\/\.\//\...../\.
\//\/\...\/\/../\./\\/.\/.\/.\/\//\.\//\./\\/.
..\/\/./\./\/\.\/.\/../\../\.../\\/./\\/.\/...
/\/\/\.\/.\/\/./\./\/\\//\\//\.\//\.\//\/\/\/\
\/\/\/.........\/.\/\/..\/..\/...\/...\/\/\/\/
Case #44:
Impossible
Case #45:
/\/\/\/\./\/\./\./\./\./\./\.
\/\/\/\/.\/\/.\/.\/.\/.\/.\/.
/\/\/\./\/\/\/\/\/\/\./\/\/\.
\/\/\/.\/\/\/\/\/\/\/.\/\/\/.
../\/\/\/\/\/\./\./\/\/\./\/\
/\\/\/\/\/\/\/.\/.\/\/\/.\/\/
\//\/\/\/\./\/\/\/\./\/\/\/\.
..\/\/\/\/.\/\/\/\/.\/\/\/\/.
/\/\/\../\/\/\./\/\./\/\./\/\
\/\/\//\\/\/\/.\/\/.\/\/.\/\/
/\../\\/../\/\/\/\/\./\/\/\/\
\//\\/../\\/\/\/\/\/.\/\/\/\/
/\\//\/\\//\/\./\/\./\/\./\/\
\/..\/\//\\/\/.\/\/.\/\/.\/\/
../\../\\/../\/\/\/\/\/\/\/\.
/\\//\\//\/\\/\/\/\/\/\/\/\/.
\//\\//\\/\//\../\/\/\/\./\/\
/\\//\\//\/\\//\\/\/\/\/.\/\/
\//\\//\\/\//\\/../\/\/\./\..
/\\/..\//\..\//\/\\/\/\/.\/..
\//\/\/\\//\..\/\//\/\/\./\..
/\\/\/\//\\//\../\\/\/\/.\/..
\//\/\..\//\\//\\//\/\/\/\/\.
/\\/\//\/\\/..\//\\/\/\/\/\/.
\//\/\\/\//\/\/\\/../\/\/\./\
/\\/\/../\\/\/\//\/\\/\/\/.\/
\/..../\\/../\/\\/\/..../\/\.
../\/\\//\/\\/\//\/\/\/\\/\/.
/\\/\/..\/\//\..\/\/\/\/../\.
\//\/\/\/\/\\//\/\..../\/\\/.
/\\/\/\/\/\/..\/\//\/\\/\//\.
\//\..../\../\/\..\/\/../\\/.
..\//\/\\//\\/\//\/\../\\/...
/\/\\/\//\\//\..\/\//\\/../\.
\/\/../\\//\\//\....\//\/\\/.
../\/\\//\\//\\//\/\..\/\//\.
..\/\/..\/..\/..\/\/......\/.
Case #46:
/\/\......./\.../\/\..../\../\/\..../\
\/\//\/\/\.\/./\\/\/./\.\//\\/\//\/\\/
....\/\/\//\/\\/.....\/...\//\/\\/\//\
./\/\./\..\/\//\/\./\.../\..\/\//\..\/
.\/\/.\/./\...\/\/.\//\.\/./\...\//\..
../\/\/\.\/./\.../\..\/./\.\/./\/\\//\
/\\/\/\/../\\/./\\//\...\/....\/\//\\/
\/./\./\/\\/...\//\\/./\/\./\./\..\//\
/\.\/.\/\/./\/\/\\//\.\/\/.\/.\//\..\/
\//\.../\/\\/\/\/..\/./\/\./\...\/./\.
..\//\.\/\/../\./\/\..\/\/.\/./\...\/.
./\.\/.../\/\\/.\/\//\/\./\...\/./\...
.\/./\/\.\/\//\../\.\/\/.\/./\...\//\.
/\/\\/\/./\..\//\\/../\/\...\//\./\\/.
\/\/./\/\\//\/\\/./\.\/\/./\/\\/.\/./\
./\/\\/\//\\/\/./\\/./\/\.\/\/./\/\.\/
.\/\/./\.\/.....\/...\/\//\../\\/\//\.
/\/\..\/./\/\/\/\./\/\/\.\//\\/./\.\/.
\/\//\...\/\/\/\/.\/\/\//\.\/...\/./\.
/\/\\//\/\../\/\/\../\/\\/./\/\/\/\\/.
\/\//\\/\//\\/\/\//\\/\/...\/\/\/\/./\
./\.\/../\\//\/\/\\//\/\/\.../\./\..\/
.\//\/\.\/..\/\/\//\\/\/\//\.\/.\/./\.
/\.\/\//\./\./\/\.\//\/\..\/../\...\/.
\/./\/\\/.\/.\/\/./\\/\/./\./\\//\./\.
./\\/\/../\/\./\..\//\/\.\/.\/..\/.\/.
.\/./\./\\/\/.\/./\.\/\/../\/\./\./\/\
/\..\/.\//\/\/\..\//\./\/\\/\/.\/.\/\/
\/./\/\/\\/\/\//\..\/.\/\/./\/\/\.../\
./\\/\/\/./\./\\/./\./\/\/\\/\/\/./\\/
.\/./\/\..\/.\/...\/.\/\/\/./\/\/\\//\
/\..\/\/./\/\/\./\/\..../\..\/\/\/..\/
\/./\/\/\\/\/\/.\/\/./\.\/./\./\/\/\/\
./\\/\/\/.../\/\/\...\/./\.\/.\/\/\/\/
.\//\./\/\/\\/\/\/./\./\\//\./\/\/\/\.
/\.\/.\/\/\/../\...\/.\//\\/.\/\/\/\/.
\/...../\/\/\.\/./\/\...\/..../\./\...
/\./\/\\/\/\/....\/\/./\./\/\.\/.\//\.
\/.\/\/.../\/\/\/\./\.\/.\/\/.../\.\/.
/\/\./\./\\/\/\/\/.\/./\./\./\/\\/../\
\/\/.\/.\/../\.../\...\/.\/.\/\/./\.\/
./\/\/\/\./\\/./\\/./\/\./\/\/\/\\/./\
.\/\/\/\/.\/...\/...\/\/.\/\/\/\/...\/
Case #47:
/\./\/\./\/\/\/\./\/\./\/\/\/\/\
\/.\/\/.\/\/\/\/.\/\/.\/\/\/\/\/
/\/\/\/\./\/\/\./\./\./\/\/\/\..
\/\/\/\/.\/\/\/.\/.\/.\/\/\/\/..
../\/\./\./\./\/\/\/\/\./\/\./\.
/\\/\/.\/.\/.\/\/\/\/\/.\/\/.\/.
\//\/\/\/\/\/\/\/\/\/\/\/\/\/\/\
/\\/\/\/\/\/\/\/\/\/\/\/\/\/\/\/
\/../\/\/\/\/\/\./\./\/\/\/\/\/\
../\\/\/\/\/\/\/.\/.\/\/\/\/\/\/
/\\/../\/\/\/\/\/\./\/\/\/\./\/\
\//\/\\/\/\/\/\/\/.\/\/\/\/.\/\/
/\\/\//\../\/\./\/\./\/\/\./\/\.
\//\/\\//\\/\/.\/\/.\/\/\/.\/\/.
/\\/\//\\//\/\/\./\/\/\./\/\./\.
\//\..\//\\/\/\/.\/\/\/.\/\/.\/.
/\\//\/\\//\/\../\./\./\/\/\/\/\
\//\\/\//\\/\//\\/.\/.\/\/\/\/\/
/\\/../\\/....\//\/\/\/\/\./\/\.
\//\/\\/../\/\/\\/\/\/\/\/.\/\/.
/\\/\//\/\\/\/\/../\/\./\/\/\/\.
\//\..\/\//\../\/\\/\/.\/\/\/\/.
..\//\/\/\\//\\/\//\/\/\/\/\/\..
/\..\/\/\//\\//\..\/\/\/\/\/\/..
\//\../\/\\/..\//\/\..../\./\/\.
/\\//\\/\/../\/\\/\//\/\\/.\/\/.
\/..\//\/\/\\/\//\..\/\//\/\./\.
/\/\/\\/\/\/....\//\/\/\\/\/.\/.
\/\/\//\/\/\/\/\/\\/\/\//\/\/\..
/\....\/\/\/\/\/\//\/\/\\/\/\/..
\//\/\../\/\..../\\/\/\//\..../\
..\/\//\\/\//\/\\//\/\..\//\/\\/
/\../\\/../\\/\//\\/\//\..\/\//\
\//\\//\/\\/../\\//\/\\//\/\/\\/
/\\//\\/\//\/\\/..\/\//\\/\/\//\
\//\\/....\/\/../\/\/\\/../\/\\/
..\//\/\/\/\/\/\\/\/\//\/\\/\//\
/\/\\/\/\/\/\/\/..../\\/\/....\/
\/\//\..../\/\/\/\/\\//\/\/\/\/\
/\/\\//\/\\/\/\/\/\//\\/\/\/\/\/
\/\/..\/\//\/\/\/\..\//\/\/\/\/\
../\/\/\..\/\/\/\//\/\\/\/\/\/\/
/\\/\/\//\/\/\....\/\/......../\
\//\/\..\/\/\//\/\/\/\/\/\/\/\\/
..\/\//\../\/\\/\/\/\/\/\/\/\//\
/\/\/\\//\\/\//\/\../\/\/\/\/\\/
\/\/\/..\/....\/\/..\/\/\/\/\/..
Case #48:
Impossible
Case #49:
/\/\/\/\/\/\/\/\/\/\/\./\/\/\./\/\/\/\/\/\/\/\/\/\
\/\/\/\/\/\/\/\/\/\/\/.\/\/\/.\/\/\/\/\/\/\/\/\/\/
/\/\./\/\/\./\./\/\/\/\/\/\./\/\/\/\/\/\/\./\./\..
\/\/.\/\/\/.\/.\/\/\/\/\/\/.\/\/\/\/\/\/\/.\/.\/..
/\../\/\/\./\/\/\/\/\./\./\/\/\/\/\/\/\/\/\/\/\/\.
\//\\/\/\/.\/\/\/\/\/.\/.\/\/\/\/\/\/\/\/\/\/\/\/.
/\\//\/\/\/\/\/\/\/\./\/\./\./\/\./\/\./\/\/\/\./\
\/..\/\/\/\/\/\/\/\/.\/\/.\/.\/\/.\/\/.\/\/\/\/.\/
/\/\/\../\./\/\./\./\/\/\./\./\./\/\/\/\/\/\./\./\
\/\/\//\\/.\/\/.\/.\/\/\/.\/.\/.\/\/\/\/\/\/.\/.\/
/\../\\//\/\./\/\/\/\/\/\/\./\/\/\/\/\./\/\/\/\/\.
\//\\//\\/\/.\/\/\/\/\/\/\/.\/\/\/\/\/.\/\/\/\/\/.
..\//\\/../\/\/\/\./\./\/\/\/\./\./\/\/\./\./\/\/\
/\..\//\/\\/\/\/\/.\/.\/\/\/\/.\/.\/\/\/.\/.\/\/\/
\//\/\\/\/../\/\/\./\/\./\/\./\/\/\./\/\/\/\/\/\/\
/\\/\//\/\/\\/\/\/.\/\/.\/\/.\/\/\/.\/\/\/\/\/\/\/
\//\/\\/\/\/..../\./\/\/\./\/\./\./\/\./\./\/\./\.
/\\/\//\/\../\/\\/.\/\/\/.\/\/.\/.\/\/.\/.\/\/.\/.
\//\/\\/\//\\/\//\/\/\/\/\/\/\/\/\./\/\/\./\/\./\.
/\\/\/../\\//\/\\/\/\/\/\/\/\/\/\/.\/\/\/.\/\/.\/.
\//\/\/\\//\\/\/../\/\/\/\./\/\/\/\/\/\/\/\/\./\..
/\\/\/\//\\//\/\/\\/\/\/\/.\/\/\/\/\/\/\/\/\/.\/..
\//\/\/\\//\\/\/\/..../\./\./\/\/\/\./\/\./\/\/\/\
/\\/\/\//\\//\../\/\/\\/.\/.\/\/\/\/.\/\/.\/\/\/\/
\//\/\/\\//\\//\\/\/\//\/\/\/\./\/\/\/\/\./\./\/\.
..\/\/\/..\//\\//\/\/\\/\/\/\/.\/\/\/\/\/.\/.\/\/.
/\/\/\/\/\..\//\\/\/\/../\/\/\/\./\./\./\./\/\/\..
\/\/\/\/\//\/\\//\/\/\/\\/\/\/\/.\/.\/.\/.\/\/\/..
/\..../\/\\/\/..\/\/\/\//\/\/\/\/\/\/\/\/\/\/\/\/\
\//\/\\/\//\/\/\/\/\/\/\\/\/\/\/\/\/\/\/\/\/\/\/\/
/\\/\//\..\/\/\/\/\/\/\/../\/\/\/\/\/\/\./\./\./\.
\//\/\\//\/\/\/\/\/\/\/\/\\/\/\/\/\/\/\/.\/.\/.\/.
/\\/\/..\/\/\/\/\/\/\/\/\//\/\/\/\./\/\/\/\/\/\/\.
\//\/\/\/\/\/\/\/\../\/\/\\/\/\/\/.\/\/\/\/\/\/\/.
/\\/\/\/\/\/\/\/\//\\/\/\//\..../\/\./\/\/\/\./\/\
\/................\/......\/....\/\/.\/\/\/\/.\/\/
Case #50:
Impossible
