Case #1: [E, A]
Case #2: [R, I, R]
Case #3: [F, D, T]
Case #4: [Z, E, R, A]
Case #5: []
Case #6: [E, D, D, Q, D, R, R, L, W]
Case #7: [D, E, I, F]
Case #8: [D, A, D, D, E, R, R, L, R]
Case #9: [Q, S, Z, S, A, Z, D, R]
Case #10: [C, A]
Case #11: [E, A, D, W, W, A, F, K, E]
Case #12: [E, R, M, R, S, M, D, E]
Case #13: [A, O, R]
Case #14: [S, Q, W, Q, S, D, P, P]
Case #15: [A, A, F, F, E, A, F, M, E]
Case #16: [D, R, P, P, S]
Case #17: [E, E, D, S, S, Q, I, A, S]
Case #18: [F, D, R, Q, A, N, R, D, S]
Case #19: [A, P, Q, Q]
Case #20: [F, E, F, D, D, E, A, W, G]
Case #21: [W]
Case #22: [E, F, D, A, F, G, W, A, S]
Case #23: [S, A]
Case #24: [S, R, Y, Q, D, R, S, S, S]
Case #25: [A, E, U, U, F, S, S, D]
Case #26: [Z, Z, Z, Z, Z]
Case #27: [Z, S, D, Q, E, D, A, W, F]
Case #28: [Q]
Case #29: [R, D, O, Q, D, D, F, F, D]
Case #30: []
Case #31: []
Case #32: [U, R, Q, D, S, Q, Q, R, E]
Case #33: [E, E, E, R, R, S, E, F, X]
Case #34: [R, W, A, G, G, Q, R, E]
Case #35: []
Case #36: [F]
Case #37: [Z, E, A, F, A, S, Q, A, Q]
Case #38: [A, D, M, E, D, S, D, R, D]
Case #39: [D, E, Q, Q, U, A, W, W, A]
Case #40: [E, Q, F, E, J, E, D, F, E]
Case #41: [A, Q, D, D, W, W, C, E, E]
Case #42: [R]
Case #43: []
Case #44: [F]
Case #45: [A, B, S, Q, Q, S, E, Q, Q]
Case #46: [E, Q, F, W, S, Q, W, C, A]
Case #47: [A, A, A, S, Y, R, Y, R]
Case #48: [R, A, S, R, D, C, F, S, Q]
Case #49: [W, A, U]
Case #50: [A, E, X, E, Q, F, F, E, F]
Case #51: [D, A]
Case #52: [A, R]
Case #53: [W, W, M, F, R, A, A, M]
Case #54: [Q, I]
Case #55: [W, R, D, R, J]
Case #56: [Q, F, R, N, R, F, N, A]
Case #57: [S, S, Q, K, Q, F, Q, E, W]
Case #58: [D]
Case #59: [A]
Case #60: [D, F, S, C, S, F, S, D, S]
Case #61: [A, S]
Case #62: [E, A, A, D, Q, Q]
Case #63: [S, W, R, S, E]
Case #64: [X, D, W, A, E, F, A, A, W]
Case #65: [Q]
Case #66: [W, W, A, H, Q, S, W, Q, S]
Case #67: [Q, D, B, Q, S, Q, A, R, F]
Case #68: [R]
Case #69: [R, F, K, S, D, Q, R]
Case #70: [E, B, E]
Case #71: [Q, W, E, E, E, O, W, F, F]
Case #72: [E, D, F, F, S, W, E, H, D]
Case #73: [B, D, D, E, S, S, F, S, A]
Case #74: [F, H, S, R, E, E, R, R, W]
Case #75: [D, E, A, F, D, E, A, R, S]
Case #76: [R, E, Q, S, R, I, S, F, Q]
Case #77: [Q, A, Q, D, A, O, F, S, A]
Case #78: [F, F, E, S, V, S, D, D, D]
Case #79: [D, F, W]
Case #80: [E, D]
Case #81: [Q, Q, A, R]
Case #82: [U, D, Q, Q, D, E]
Case #83: [D, A, A, Q, D, F, T, E, Q]
Case #84: [W]
Case #85: [X, R, W, X, F, W, D, W]
Case #86: [W, A, D, W, S, J, R, W, E]
Case #87: [A, S, E, M, A]
Case #88: [E, E, A, F, S, A, Q, C, R]
Case #89: [Q, D, A, A, F, W, F, H, F]
Case #90: [Q, A, E, Q, Q, N, R, Q, A]
Case #91: [A, A, A, A, A, A, A, A, A, A]
Case #92: [S, F, B, A, D, S, Q, E, F]
Case #93: [E, S, Z, E, D, E, A]
Case #94: [A, Z, R, Z, S]
Case #95: [B, A, R, F, D]
Case #96: [R, S, A, S, W, R, V, Q, F]
Case #97: [Q, Q, W, E, R, G, D, F, S]
Case #98: [T, S]
Case #99: [E, R, D]
Case #100: [A, W, A, R, E, N, E, S, S]
