Case #1:
0.5000000
0.5000000
0.5000000
Case #2:
0.6458333
0.3680556
0.6041667
0.3958333
Case #3:
0.9375000
0.4930556
0.4625000
0.5312500
0.3439236
0.4718750
0.3000000
0.3755208
0.4652778
0.5694444
0.3750000
0.8958333
0.4745833
0.2777778
0.6192130
0.6333333
0.8958333
0.3437500
0.5972222
0.5416667
0.7239583
0.3755208
0.6125000
0.5409722
0.7395833
0.6541667
0.3125000
0.8055556
0.6958333
0.7500000
0.3229167
0.2812500
0.4722222
0.3069444
0.2208333
0.2500000
0.4583333
0.5659722
0.3333333
0.8125000
0.4166667
0.4326389
0.5395833
0.4993056
0.3861111
0.5972222
0.6180556
0.7500000
0.5546875
0.6458333
0.5541667
0.6541667
0.4652778
0.5208333
0.3750000
0.6041667
0.3708333
0.2923611
0.5416667
0.5572917
0.5156250
0.7430556
0.5500000
0.4864583
0.2222222
0.4542245
0.9305556
0.4986111
0.7083333
0.6614583
0.6354167
0.5312500
0.4244792
0.3958333
0.5062500
0.3722222
0.7291667
0.5552083
0.7833333
0.3819444
0.7395833
0.6597222
0.4114583
0.3927083
0.3888889
0.4947917
0.4635417
0.4751736
0.4479167
0.7000000
0.3114583
0.3875000
0.3627083
0.2916667
0.5763889
0.6458333
0.1277778
0.2708333
0.3854167
0.4531250
Case #4:
0.5000215
0.5094508
0.5138591
0.5454486
0.5121445
0.4449764
0.4314896
0.4849119
0.4759756
0.5471575
0.5960207
0.5453190
0.4083022
0.5052135
0.5377142
0.5462598
0.4504461
0.5375679
0.4955714
0.3925745
0.5612298
0.3998402
0.5456234
0.5242025
0.5524755
0.5237210
0.5306997
0.5255626
0.3935050
0.3843132
0.5585099
0.4390990
0.4916695
0.4556938
0.4537732
0.5486605
0.5675767
0.5149782
0.5168531
0.4985071
0.5335057
0.4445849
0.5307999
0.5461915
Case #5:
0.6031618
0.4258511
0.4490420
0.5782129
0.5135185
0.3757561
0.5489475
0.5195888
0.5166514
0.5674182
0.5798290
0.4526309
0.4668852
0.4824047
0.4952091
0.5659698
0.4597416
0.4757750
0.4475786
0.4792732
0.5080846
0.4921554
Case #6:
0.5142556
0.4431903
0.5091902
0.4621447
0.5303209
0.4368102
0.4928609
0.4163513
0.5525860
0.4207843
0.5116327
0.4917970
0.5302662
0.4719064
0.5291822
0.5128329
0.5349507
0.4740208
0.4776397
0.5384195
0.5174114
0.3977870
0.4946979
0.4422074
0.4685056
0.3900845
0.4857851
0.5133795
0.5418706
0.5462039
0.5410229
0.4856150
0.4786948
0.5369772
0.5244669
0.5473643
0.5330167
0.5422435
0.5019565
0.5452334
0.5353060
0.5269589
0.5484770
0.4544912
0.5046777
0.5027494
0.5122028
0.5592390
0.5256786
0.4259850
0.5266746
0.4550320
0.5028143
0.5145507
0.5056853
0.4532020
0.3892869
0.4926523
0.5487942
0.5323403
0.5089594
0.5017032
0.5236307
0.4560682
0.4978176
0.5543037
0.5091589
0.5134461
0.5283863
0.5591301
0.5475705
0.4126664
0.4761317
0.4856890
0.5323063
0.4552727
0.4893232
0.5242217
0.5050504
0.5411381
0.3876131
0.5060054
0.5277330
0.5115854
0.5206346
Case #7:
0.5001558
0.5030101
0.4697535
0.5516237
0.4174109
0.5343795
0.4334801
0.5291611
0.4827448
0.4298564
0.5655711
0.5358258
0.4611421
0.5462558
0.5495247
0.4752202
0.5069600
0.5249647
0.5543125
0.5110626
0.4769597
0.4116275
0.5055052
0.5213882
0.5382927
0.5373457
0.5427678
0.5467378
0.4957315
0.5310556
0.4907756
0.5035769
0.5048939
0.4556358
0.5009357
0.3928487
0.5022763
0.5544473
0.5286132
0.5139950
0.5262148
0.5701228
0.5507425
0.4918451
0.5252903
0.4152120
0.5560538
0.4149707
0.4847425
0.5595165
0.5230576
0.5108870
0.5707189
0.4521358
0.5236943
0.5167772
0.5136543
0.4825963
0.5386467
0.5060891
0.4971430
0.4479655
0.4908732
0.4763057
0.5107527
0.5257069
0.4010581
0.4536740
0.5221244
0.5714659
0.5436106
0.4158325
0.4999552
0.3849884
0.4868344
0.5148538
0.4090653
0.5175231
0.5151263
0.5192801
0.5943884
0.5794606
0.5278440
0.5495409
0.5509222
0.4957516
0.3845625
0.5266412
0.4808146
0.4519207
0.5372316
0.5407660
0.4119582
0.5502872
0.5102889
0.3873967
0.4698149
0.4901079
0.4461379
0.4792562
Case #8:
0.3333333
0.3078704
0.3425926
0.4036458
0.3333333
0.2083333
0.5347222
0.1319444
0.2708333
0.6041667
0.3888889
0.5254630
0.3784722
0.6048611
0.4010417
0.3984375
0.5416667
0.6979167
0.7395833
0.5312500
0.6319444
0.5486111
0.4696181
0.5208333
0.6296296
0.7847222
0.5590278
0.5416667
0.3958333
0.4375000
0.5008681
0.5217014
0.6875000
0.8472222
0.7239583
0.2118056
0.6076389
0.7777778
0.5729167
0.1041667
0.3611111
0.7760417
0.5902778
0.2013889
0.4375000
0.4583333
0.7500000
0.5416667
0.7500000
Case #9:
0.5416667
0.5416667
0.5138889
0.4305556
Case #10:
0.5093975
0.4847954
0.4561857
0.5379864
0.5284844
0.4658475
0.5167355
0.4590063
0.4285505
0.5578104
0.5635296
0.5479001
0.5416016
0.5055447
0.4700239
0.4802796
0.5145479
0.4525341
0.4568170
0.5057490
0.5272735
0.5233191
0.3791413
0.5383857
0.4548515
0.4919179
0.4860366
0.4162260
0.4759560
0.5157622
0.5065729
0.4696279
0.5302482
0.4112158
0.3849066
0.5331054
0.5063387
0.5308603
0.5195542
0.5330512
0.5412859
0.5517296
0.4739194
0.5437922
0.5418369
0.5193469
0.4983779
0.4763631
0.5060931
0.5449494
0.5093163
0.4394629
0.5182632
0.5124289
0.4952430
0.5039034
0.5128300
0.5303986
0.5364868
0.5691338
0.5228674
0.4254210
0.5299904
0.5017598
0.5145718
0.5060294
0.5181786
0.4662766
0.4319172
0.5649986
0.4314417
0.5201684
Case #11:
0.5113636
0.5391414
0.5770202
0.4078283
0.3876263
0.4785354
0.4406566
0.5467172
0.4760101
0.4633838
0.4002525
0.5542929
0.6047980
0.4381313
0.4431818
0.4280303
0.4734848
0.4457071
0.6123737
0.3977273
0.5315657
0.5820707
0.3901515
0.4255051
0.5416667
0.4558081
0.4027778
0.4987374
0.3800505
0.5164141
0.4053030
0.5366162
0.5037879
0.5795455
0.4229798
0.6073232
0.6174242
0.4886364
0.4936869
0.5845960
0.6022727
0.3851010
0.3952020
0.5063131
0.5871212
0.3775253
0.6224747
0.5517677
0.4861111
0.4154040
0.5997475
0.6098485
0.4482323
0.5669192
0.6199495
0.4179293
0.4356061
0.4128788
0.5012626
0.3825758
0.4608586
0.5138889
0.4103535
0.4835859
0.5088384
0.5694444
0.6250000
0.5921717
0.4684343
0.6148990
0.5744949
0.4659091
0.5643939
0.5568182
0.3750000
0.5719697
0.4962121
0.4204545
0.4507576
0.5896465
0.5593434
0.5946970
0.4305556
0.3926768
0.5290404
0.4583333
0.4810606
0.5265152
0.5618687
0.5214646
0.5189394
0.5492424
0.4709596
0.5340909
0.4911616
0.5441919
0.4532828
0.5972222
0.5239899
0.4330808
Case #12:
0.5000000
0.5000000
0.5000000
0.5000000
0.5000000
0.5000000
0.5000000
0.5000000
0.5000000
0.5000000
0.5000000
0.5000000
0.5000000
0.5000000
0.5000000
0.5000000
0.5000000
0.5000000
0.5000000
0.5000000
0.5000000
0.5000000
0.5000000
0.5000000
0.5000000
0.5000000
0.5000000
0.5000000
0.5000000
0.5000000
0.5000000
0.5000000
0.5000000
0.5000000
0.5000000
0.5000000
0.5000000
0.5000000
0.5000000
0.5000000
0.5000000
0.5000000
0.5000000
0.5000000
0.5000000
0.5000000
0.5000000
0.5000000
0.5000000
0.5000000
0.5000000
0.5000000
0.5000000
0.5000000
0.5000000
0.5000000
0.5000000
0.5000000
0.5000000
0.5000000
0.5000000
0.5000000
0.5000000
0.5000000
0.5000000
0.5000000
0.5000000
0.5000000
0.5000000
0.5000000
0.5000000
0.5000000
0.5000000
0.5000000
0.5000000
0.5000000
0.5000000
0.5000000
0.5000000
0.5000000
0.5000000
0.5000000
0.5000000
0.5000000
0.5000000
0.5000000
0.5000000
0.5000000
0.5000000
0.5000000
0.5000000
0.5000000
0.5000000
0.5000000
0.5000000
0.5000000
0.5000000
0.5000000
0.5000000
Case #13:
0.4807808
0.5654621
0.4923237
0.5014202
0.5836567
0.4740190
0.5913621
0.5309278
0.5206452
0.4362144
0.5188469
0.4278807
0.5193156
0.5192874
0.5303373
0.5130655
0.4385371
0.5311287
0.4819833
0.5126806
0.5758428
0.5098961
0.4952075
0.5032216
0.5704579
0.5317293
0.4856054
0.5488139
0.4571871
0.4820229
0.4368746
0.5376835
0.4875362
0.4847317
0.5365665
0.4007662
0.4682995
0.4168749
0.3962560
0.4064822
0.5799326
0.4909399
0.5450118
0.5366144
0.4729566
0.5847944
0.4615527
0.4437013
0.5498645
0.4851410
0.5222011
0.4234628
0.4770057
0.5283754
0.4710914
0.4149033
0.5026596
0.5246512
0.5314424
0.5069340
0.5279083
0.5196994
0.4630473
0.5116267
0.5034070
0.4469713
0.6142421
0.4404556
0.4959723
0.4034605
0.4823694
0.5755896
0.5441190
0.3570305
0.5591775
0.5702804
0.5212393
0.4666210
0.4873715
0.4844415
0.5181155
0.4898623
0.5585150
0.5734767
0.4632260
0.4274289
0.4444283
0.4791154
0.5620906
0.5804982
0.3944155
0.4946734
0.5282984
0.4320426
0.4984114
Case #14:
0.5558993
0.4730123
0.4421243
0.5339074
0.5058679
0.3899929
0.4627897
0.4740701
0.4898507
0.5092282
0.5646256
0.5413300
0.4687982
0.5236629
0.5459578
0.4661519
0.4981226
0.5518174
0.5543057
0.4551419
0.5055279
0.5153595
0.4944970
0.5385020
0.5502776
0.4979751
0.4794822
0.3864850
0.5181664
0.5171834
0.5376331
0.4757310
0.5332729
0.5860870
0.5281280
0.4818577
0.5437123
0.5587058
0.4501045
0.4942052
0.5236436
0.4513732
0.4919736
0.5577716
0.4909923
0.4531602
0.5125611
0.5361120
0.4950027
0.5226748
0.4935719
0.5544625
0.5203842
0.4900993
0.5143533
0.5280056
0.5425464
0.4935044
0.3862961
0.4873968
0.5499356
0.5093828
0.3962097
0.5041352
0.5094521
0.5116563
0.5487323
0.5188883
0.5126222
0.3934434
0.5509785
0.4422011
0.4784942
0.5059477
0.5291860
0.4465123
0.4441514
0.5160330
0.4839943
0.4571559
0.5304913
0.4534332
0.4802626
0.4399670
0.5444802
Case #15:
0.4322475
0.5400277
0.5020715
0.4995925
0.4954989
0.5560931
0.4153811
0.5539981
0.4150698
0.4544672
0.5295142
0.5467403
0.5269285
0.4707541
0.4773470
0.5078903
0.5198952
0.4716267
0.5010061
0.4935415
0.5229961
0.4301703
0.5809984
0.5222043
0.4316719
0.4794931
0.5369469
0.5595102
0.5005001
0.4324781
0.4901003
0.4984451
0.5009673
0.5118858
0.5444996
0.5217011
0.5364106
0.5345379
0.5061369
0.5133441
0.4953373
0.5147109
0.5441105
0.4268608
0.4708462
0.4632492
0.5074153
0.4823766
0.4592897
0.5292807
0.5435626
0.5079081
0.4815186
0.5221034
0.5770114
0.5335981
0.4300085
0.4290661
0.5548540
0.5239813
0.5587540
0.4157397
Case #16:
0.4958054
0.5459619
0.5045568
0.5347526
0.5206938
0.5229554
0.5423414
0.5120163
0.4490720
0.5525385
0.4408314
0.4812270
0.3767228
0.5411212
0.4735972
0.5277137
0.4955252
0.5001405
0.5564014
0.4808100
0.5403725
0.5032987
0.5628205
0.4439346
0.3739331
0.5011691
0.5033725
0.5202491
0.3991937
0.5502749
0.5231890
0.5433494
0.5293462
0.5396956
0.5427203
0.5339807
0.4616834
0.3917478
0.4672769
0.4101458
0.4006204
0.4948802
0.4845853
0.5488198
0.5273892
0.4965057
0.4971040
0.4584813
0.4969144
0.5466039
0.5498989
0.4827735
0.4932968
0.5247939
0.4987459
0.5240133
0.5486371
0.4524697
0.3987640
0.5358158
0.4783981
0.5347580
0.4947682
0.5209307
0.5428856
0.5190633
0.5554268
0.5624309
0.5006782
0.5292212
0.5075234
0.5159459
0.4085997
0.5105079
0.4879851
0.4693521
0.5368342
0.5075975
0.5069043
0.4946928
0.4467772
0.4508256
0.5240081
0.5178212
0.5271202
0.5289136
0.5073825
0.5115180
0.5135658
0.4306883
0.4077510
0.5066628
0.4952717
0.5239649
0.4904593
0.4584566
0.4971215
0.5080666
0.5164557
0.5494998
Case #17:
0.6250000
0.5000000
0.3750000
Case #18:
0.5684715
0.4127588
0.5320629
0.5183782
0.4331909
0.5203996
0.5249628
0.4895329
0.4666995
0.5569239
0.4989900
0.4723941
Case #19:
0.6250000
0.6224747
0.6199495
0.6174242
0.6148990
0.6123737
0.6098485
0.6073232
0.6047980
0.6022727
0.5997475
0.5972222
0.5946970
0.5921717
0.5896465
0.5871212
0.5845960
0.5820707
0.5795455
0.5770202
0.5744949
0.5719697
0.5694444
0.5669192
0.5643939
0.5618687
0.5593434
0.5568182
0.5542929
0.5517677
0.5492424
0.5467172
0.5441919
0.5416667
0.5391414
0.5366162
0.5340909
0.5315657
0.5290404
0.5265152
0.5239899
0.5214646
0.5189394
0.5164141
0.5138889
0.5113636
0.5088384
0.5063131
0.5037879
0.5012626
0.4987374
0.4962121
0.4936869
0.4911616
0.4886364
0.4861111
0.4835859
0.4810606
0.4785354
0.4760101
0.4734848
0.4709596
0.4684343
0.4659091
0.4633838
0.4608586
0.4583333
0.4558081
0.4532828
0.4507576
0.4482323
0.4457071
0.4431818
0.4406566
0.4381313
0.4356061
0.4330808
0.4305556
0.4280303
0.4255051
0.4229798
0.4204545
0.4179293
0.4154040
0.4128788
0.4103535
0.4078283
0.4053030
0.4027778
0.4002525
0.3977273
0.3952020
0.3926768
0.3901515
0.3876263
0.3851010
0.3825758
0.3800505
0.3775253
0.3750000
Case #20:
0.3125000
0.6875000
0.3125000
0.6875000
