Case #1:
0.5000000
0.5000000
0.5000000
Case #2:
0.6458333
0.3680556
0.6041667
0.3958333
Case #3:
0.6250000
0.5972222
0.5694444
0.5416667
0.5138889
0.4861111
0.4583333
0.4305556
0.4027778
0.3750000
Case #4:
0.4765625
0.5513889
0.5041667
0.3619792
0.6114583
0.3802083
0.3645833
0.5166667
0.6583333
0.2750000
Case #5:
0.4133333
0.6177083
0.5895833
0.2452778
0.3820833
0.5506944
0.5440833
0.4711806
0.5722222
Case #6:
0.5000000
0.5000000
0.7083333
0.2916667
0.7083333
0.2916667
Case #7:
0.5416667
0.5416667
0.4305556
0.5138889
Case #8:
0.5462963
0.3425926
0.3796296
0.6481481
0.5625000
Case #9:
0.3723958
0.5765625
0.5104167
0.5281250
0.3802083
0.5682292
0.6208333
0.3083333
0.5527778
Case #10:
0.4583333
0.5416667
0.5000000
0.5000000
Case #11:
0.7326389
0.2604167
0.9305556
0.2395833
0.5520833
0.6250000
0.4939236
0.4594907
0.3645833
0.2569444
Case #12:
0.0000000
0.1875000
0.2500000
0.5000000
0.7500000
0.8125000
1.0000000
Case #13:
0.3775463
0.5971759
0.8305556
0.3161574
0.3808056
0.5245833
0.4294444
0.5770370
0.5083056
Case #14:
0.5000000
0.5000000
0.5000000
0.5000000
0.5000000
0.5000000
0.5000000
0.5000000
0.5000000
Case #15:
0.4027778
0.4583333
0.5972222
0.6250000
0.5694444
0.5138889
0.4861111
0.5416667
0.4305556
0.3750000
Case #16:
0.5545139
0.5715278
0.3965278
0.4770833
0.5727431
0.4598958
Case #17:
0.5416667
0.5416667
0.4305556
0.5138889
Case #18:
0.4464524
0.3681037
0.5394742
0.6478452
0.5480655
0.4576190
0.5155527
0.5451190
0.4750298
Case #19:
0.4783163
0.5234033
0.5416241
0.4920837
0.5358466
0.5509637
0.4208947
0.5675170
0.5339853
0.3852797
Case #20:
0.5000000
0.5000000
0.5000000
